TN:
SF:/home/bmcotonom1/DevOps/src/cpp_pubsub/src/publisher_member_function.cpp
FN:29,_ZN16MinimalPublisherC2Ev
FN:38,_ZN16MinimalPublisher14timer_callbackEv
FN:50,main
FNDA:15,_ZN16MinimalPublisher14timer_callbackEv
FNDA:1,_ZN16MinimalPublisherC2Ev
FNDA:1,main
FNF:3
FNH:3
DA:29,1
DA:30,1
DA:32,1
DA:33,3
DA:34,3
DA:35,1
DA:38,15
DA:40,30
DA:41,15
DA:42,15
DA:43,15
DA:44,15
DA:50,1
DA:52,1
DA:53,1
DA:54,1
DA:55,1
LF:17
LH:17
end_of_record
TN:
SF:/home/bmcotonom1/DevOps/src/cpp_pubsub/src/subscriber_member_function.cpp
FN:24,_ZN17MinimalSubscriberC2Ev
FN:32,_ZNK17MinimalSubscriber14topic_callbackESt10shared_ptrIN8std_msgs3msg7String_ISaIvEEEE
FN:39,main
FNDA:1,main
FNDA:1,_ZN17MinimalSubscriberC2Ev
FNDA:9,_ZNK17MinimalSubscriber14topic_callbackESt10shared_ptrIN8std_msgs3msg7String_ISaIvEEEE
FNF:3
FNH:3
DA:24,1
DA:25,1
DA:27,4
DA:28,3
DA:29,1
DA:32,9
DA:34,9
DA:35,9
DA:39,1
DA:41,1
DA:42,1
DA:43,1
DA:44,1
LF:13
LH:13
end_of_record
TN:
SF:/opt/ros/foxy/include/libstatistics_collector/collector/collector.hpp
FN:41,_ZN23libstatistics_collector9collector9CollectorC2Ev
FN:44,_ZN23libstatistics_collector9collector9CollectorD0Ev
FN:44,_ZN23libstatistics_collector9collector9CollectorD2Ev
FNDA:0,_ZN23libstatistics_collector9collector9CollectorD2Ev
FNDA:0,_ZN23libstatistics_collector9collector9CollectorC2Ev
FNDA:0,_ZN23libstatistics_collector9collector9CollectorD0Ev
FNF:3
FNH:0
DA:41,0
DA:44,0
LF:2
LH:0
end_of_record
TN:
SF:/opt/ros/foxy/include/libstatistics_collector/collector/metric_details_interface.hpp
FN:34,_ZN23libstatistics_collector9collector22MetricDetailsInterfaceD0Ev
FN:34,_ZN23libstatistics_collector9collector22MetricDetailsInterfaceD2Ev
FNDA:0,_ZN23libstatistics_collector9collector22MetricDetailsInterfaceD2Ev
FNDA:0,_ZN23libstatistics_collector9collector22MetricDetailsInterfaceD0Ev
FNF:2
FNH:0
DA:34,0
LF:1
LH:0
end_of_record
TN:
SF:/opt/ros/foxy/include/libstatistics_collector/moving_average_statistics/moving_average.hpp
FN:53,_ZN23libstatistics_collector25moving_average_statistics23MovingAverageStatisticsC2Ev
FNDA:0,_ZN23libstatistics_collector25moving_average_statistics23MovingAverageStatisticsC2Ev
FNF:1
FNH:0
DA:53,0
LF:1
LH:0
end_of_record
TN:
SF:/opt/ros/foxy/include/libstatistics_collector/topic_statistics_collector/received_message_age.hpp
FN:59,_ZN23libstatistics_collector26topic_statistics_collector9TimeStampIN8std_msgs3msg7String_ISaIvEEEvE5valueERKS6_
FN:90,_ZN23libstatistics_collector26topic_statistics_collector27ReceivedMessageAgeCollectorIN8std_msgs3msg7String_ISaIvEEEEC2Ev
FN:92,_ZN23libstatistics_collector26topic_statistics_collector27ReceivedMessageAgeCollectorIN8std_msgs3msg7String_ISaIvEEEED0Ev
FN:92,_ZN23libstatistics_collector26topic_statistics_collector27ReceivedMessageAgeCollectorIN8std_msgs3msg7String_ISaIvEEEED2Ev
FN:100,_ZN23libstatistics_collector26topic_statistics_collector27ReceivedMessageAgeCollectorIN8std_msgs3msg7String_ISaIvEEEE17OnMessageReceivedERKS6_l
FN:122,_ZNK23libstatistics_collector26topic_statistics_collector27ReceivedMessageAgeCollectorIN8std_msgs3msg7String_ISaIvEEEE13GetMetricNameB5cxx11Ev
FN:132,_ZNK23libstatistics_collector26topic_statistics_collector27ReceivedMessageAgeCollectorIN8std_msgs3msg7String_ISaIvEEEE13GetMetricUnitB5cxx11Ev
FN:138,_ZN23libstatistics_collector26topic_statistics_collector27ReceivedMessageAgeCollectorIN8std_msgs3msg7String_ISaIvEEEE10SetupStartEv
FN:143,_ZN23libstatistics_collector26topic_statistics_collector27ReceivedMessageAgeCollectorIN8std_msgs3msg7String_ISaIvEEEE9SetupStopEv
FNDA:0,_ZN23libstatistics_collector26topic_statistics_collector27ReceivedMessageAgeCollectorIN8std_msgs3msg7String_ISaIvEEEE17OnMessageReceivedERKS6_l
FNDA:0,_ZN23libstatistics_collector26topic_statistics_collector27ReceivedMessageAgeCollectorIN8std_msgs3msg7String_ISaIvEEEED0Ev
FNDA:0,_ZN23libstatistics_collector26topic_statistics_collector9TimeStampIN8std_msgs3msg7String_ISaIvEEEvE5valueERKS6_
FNDA:0,_ZN23libstatistics_collector26topic_statistics_collector27ReceivedMessageAgeCollectorIN8std_msgs3msg7String_ISaIvEEEEC2Ev
FNDA:0,_ZN23libstatistics_collector26topic_statistics_collector27ReceivedMessageAgeCollectorIN8std_msgs3msg7String_ISaIvEEEE10SetupStartEv
FNDA:0,_ZN23libstatistics_collector26topic_statistics_collector27ReceivedMessageAgeCollectorIN8std_msgs3msg7String_ISaIvEEEED2Ev
FNDA:0,_ZN23libstatistics_collector26topic_statistics_collector27ReceivedMessageAgeCollectorIN8std_msgs3msg7String_ISaIvEEEE9SetupStopEv
FNDA:0,_ZNK23libstatistics_collector26topic_statistics_collector27ReceivedMessageAgeCollectorIN8std_msgs3msg7String_ISaIvEEEE13GetMetricUnitB5cxx11Ev
FNDA:0,_ZNK23libstatistics_collector26topic_statistics_collector27ReceivedMessageAgeCollectorIN8std_msgs3msg7String_ISaIvEEEE13GetMetricNameB5cxx11Ev
FNF:9
FNH:0
DA:59,0
DA:61,0
DA:90,0
DA:92,0
DA:100,0
DA:104,0
DA:106,0
DA:108,0
DA:109,0
DA:110,0
DA:112,0
DA:115,0
DA:122,0
DA:124,0
DA:132,0
DA:134,0
DA:138,0
DA:140,0
DA:143,0
DA:145,0
LF:20
LH:0
end_of_record
TN:
SF:/opt/ros/foxy/include/libstatistics_collector/topic_statistics_collector/received_message_period.hpp
FN:48,_ZN23libstatistics_collector26topic_statistics_collector30ReceivedMessagePeriodCollectorIN8std_msgs3msg7String_ISaIvEEEEC2Ev
FN:53,_ZN23libstatistics_collector26topic_statistics_collector30ReceivedMessagePeriodCollectorIN8std_msgs3msg7String_ISaIvEEEED2Ev
FN:53,_ZN23libstatistics_collector26topic_statistics_collector30ReceivedMessagePeriodCollectorIN8std_msgs3msg7String_ISaIvEEEED0Ev
FN:62,_ZN23libstatistics_collector26topic_statistics_collector30ReceivedMessagePeriodCollectorIN8std_msgs3msg7String_ISaIvEEEE17OnMessageReceivedERKS6_l
FN:84,_ZNK23libstatistics_collector26topic_statistics_collector30ReceivedMessagePeriodCollectorIN8std_msgs3msg7String_ISaIvEEEE13GetMetricNameB5cxx11Ev
FN:94,_ZNK23libstatistics_collector26topic_statistics_collector30ReceivedMessagePeriodCollectorIN8std_msgs3msg7String_ISaIvEEEE13GetMetricUnitB5cxx11Ev
FN:104,_ZN23libstatistics_collector26topic_statistics_collector30ReceivedMessagePeriodCollectorIN8std_msgs3msg7String_ISaIvEEEE10SetupStartEv
FN:110,_ZN23libstatistics_collector26topic_statistics_collector30ReceivedMessagePeriodCollectorIN8std_msgs3msg7String_ISaIvEEEE9SetupStopEv
FN:119,_ZN23libstatistics_collector26topic_statistics_collector30ReceivedMessagePeriodCollectorIN8std_msgs3msg7String_ISaIvEEEE28ResetTimeLastMessageReceivedEv
FNDA:0,_ZNK23libstatistics_collector26topic_statistics_collector30ReceivedMessagePeriodCollectorIN8std_msgs3msg7String_ISaIvEEEE13GetMetricNameB5cxx11Ev
FNDA:0,_ZN23libstatistics_collector26topic_statistics_collector30ReceivedMessagePeriodCollectorIN8std_msgs3msg7String_ISaIvEEEE28ResetTimeLastMessageReceivedEv
FNDA:0,_ZN23libstatistics_collector26topic_statistics_collector30ReceivedMessagePeriodCollectorIN8std_msgs3msg7String_ISaIvEEEED0Ev
FNDA:0,_ZN23libstatistics_collector26topic_statistics_collector30ReceivedMessagePeriodCollectorIN8std_msgs3msg7String_ISaIvEEEE17OnMessageReceivedERKS6_l
FNDA:0,_ZN23libstatistics_collector26topic_statistics_collector30ReceivedMessagePeriodCollectorIN8std_msgs3msg7String_ISaIvEEEE9SetupStopEv
FNDA:0,_ZN23libstatistics_collector26topic_statistics_collector30ReceivedMessagePeriodCollectorIN8std_msgs3msg7String_ISaIvEEEEC2Ev
FNDA:0,_ZNK23libstatistics_collector26topic_statistics_collector30ReceivedMessagePeriodCollectorIN8std_msgs3msg7String_ISaIvEEEE13GetMetricUnitB5cxx11Ev
FNDA:0,_ZN23libstatistics_collector26topic_statistics_collector30ReceivedMessagePeriodCollectorIN8std_msgs3msg7String_ISaIvEEEED2Ev
FNDA:0,_ZN23libstatistics_collector26topic_statistics_collector30ReceivedMessagePeriodCollectorIN8std_msgs3msg7String_ISaIvEEEE10SetupStartEv
FNF:9
FNH:0
DA:48,0
DA:49,0
DA:50,0
DA:51,0
DA:53,0
DA:62,0
DA:65,0
DA:69,0
DA:70,0
DA:72,0
DA:73,0
DA:74,0
DA:75,0
DA:77,0
DA:84,0
DA:86,0
DA:94,0
DA:96,0
DA:104,0
DA:106,0
DA:107,0
DA:110,0
DA:112,0
DA:119,0
DA:121,0
DA:122,0
LF:26
LH:0
end_of_record
TN:
SF:/opt/ros/foxy/include/libstatistics_collector/topic_statistics_collector/topic_statistics_collector.hpp
FN:40,_ZN23libstatistics_collector26topic_statistics_collector24TopicStatisticsCollectorIN8std_msgs3msg7String_ISaIvEEEEC2Ev
FN:42,_ZN23libstatistics_collector26topic_statistics_collector24TopicStatisticsCollectorIN8std_msgs3msg7String_ISaIvEEEED0Ev
FN:42,_ZN23libstatistics_collector26topic_statistics_collector24TopicStatisticsCollectorIN8std_msgs3msg7String_ISaIvEEEED2Ev
FNDA:0,_ZN23libstatistics_collector26topic_statistics_collector24TopicStatisticsCollectorIN8std_msgs3msg7String_ISaIvEEEED2Ev
FNDA:0,_ZN23libstatistics_collector26topic_statistics_collector24TopicStatisticsCollectorIN8std_msgs3msg7String_ISaIvEEEED0Ev
FNDA:0,_ZN23libstatistics_collector26topic_statistics_collector24TopicStatisticsCollectorIN8std_msgs3msg7String_ISaIvEEEEC2Ev
FNF:3
FNH:0
DA:40,0
DA:42,0
LF:2
LH:0
end_of_record
TN:
SF:/opt/ros/foxy/include/rclcpp/allocator/allocator_common.hpp
FN:33,_ZN6rclcpp9allocator16retyped_allocateISaIcEEEPvmS3_
FN:43,_ZN6rclcpp9allocator18retyped_deallocateIcSaIcEEEvPvS3_
FN:54,_ZN6rclcpp9allocator18retyped_reallocateIcSaIcEEEPvS3_mS3_
FN:71,_ZN6rclcpp9allocator17get_rcl_allocatorIcSaIcELPv0EEE19rcutils_allocator_tRT0_
FNDA:0,_ZN6rclcpp9allocator18retyped_reallocateIcSaIcEEEPvS3_mS3_
FNDA:30,_ZN6rclcpp9allocator18retyped_deallocateIcSaIcEEEvPvS3_
FNDA:30,_ZN6rclcpp9allocator16retyped_allocateISaIcEEEPvmS3_
FNDA:3,_ZN6rclcpp9allocator17get_rcl_allocatorIcSaIcELPv0EEE19rcutils_allocator_tRT0_
FNF:4
FNH:3
DA:33,30
DA:35,30
DA:36,30
DA:37,0
DA:39,30
DA:43,30
DA:45,30
DA:46,30
DA:47,0
DA:49,30
DA:50,30
DA:51,30
DA:54,0
DA:56,0
DA:57,0
DA:58,0
DA:60,0
DA:61,0
DA:62,0
DA:71,3
DA:73,3
DA:75,3
DA:76,3
DA:77,3
DA:78,3
DA:82,3
LF:26
LH:17
end_of_record
TN:
SF:/opt/ros/foxy/include/rclcpp/allocator/allocator_deleter.hpp
FN:80,_ZN6rclcpp9allocator25set_allocator_for_deleterIN15statistics_msgs3msg15MetricsMessage_ISaIvEEES6_EEvPSt14default_deleteIT_EPSaIT0_E
FN:80,_ZN6rclcpp9allocator25set_allocator_for_deleterIN8std_msgs3msg7String_ISaIvEEES6_EEvPSt14default_deleteIT_EPSaIT0_E
FNDA:0,_ZN6rclcpp9allocator25set_allocator_for_deleterIN15statistics_msgs3msg15MetricsMessage_ISaIvEEES6_EEvPSt14default_deleteIT_EPSaIT0_E
FNDA:2,_ZN6rclcpp9allocator25set_allocator_for_deleterIN8std_msgs3msg7String_ISaIvEEES6_EEvPSt14default_deleteIT_EPSaIT0_E
FNF:2
FNH:1
DA:80,2
DA:84,2
LF:2
LH:2
end_of_record
TN:
SF:/opt/ros/foxy/include/rclcpp/any_subscription_callback.hpp
FN:63,_ZN6rclcpp23AnySubscriptionCallbackIN8std_msgs3msg7String_ISaIvEEES4_EC2ESt10shared_ptrIS4_E
FN:72,_ZN6rclcpp23AnySubscriptionCallbackIN8std_msgs3msg7String_ISaIvEEES4_EC2ERKS6_
FN:83,_ZN6rclcpp23AnySubscriptionCallbackIN8std_msgs3msg7String_ISaIvEEES4_E3setISt5_BindIFM17MinimalSubscriberKFvSt10shared_ptrIS5_EEPS9_St12_PlaceholderILi1EEEELPv0EEEvT_
FN:158,_ZN6rclcpp23AnySubscriptionCallbackIN8std_msgs3msg7String_ISaIvEEES4_E8dispatchESt10shared_ptrIS5_ERKNS_11MessageInfoE
FN:184,_ZN6rclcpp23AnySubscriptionCallbackIN8std_msgs3msg7String_ISaIvEEES4_E22dispatch_intra_processESt10shared_ptrIKS5_ERKNS_11MessageInfoE
FN:207,_ZN6rclcpp23AnySubscriptionCallbackIN8std_msgs3msg7String_ISaIvEEES4_E22dispatch_intra_processESt10unique_ptrIS5_St14default_deleteIS5_EERKNS_11MessageInfoE
FN:231,_ZNK6rclcpp23AnySubscriptionCallbackIN8std_msgs3msg7String_ISaIvEEES4_E22use_take_shared_methodEv
FN:236,_ZN6rclcpp23AnySubscriptionCallbackIN8std_msgs3msg7String_ISaIvEEES4_E29register_callback_for_tracingEv
FNDA:0,_ZNK6rclcpp23AnySubscriptionCallbackIN8std_msgs3msg7String_ISaIvEEES4_E22use_take_shared_methodEv
FNDA:4,_ZN6rclcpp23AnySubscriptionCallbackIN8std_msgs3msg7String_ISaIvEEES4_EC2ERKS6_
FNDA:1,_ZN6rclcpp23AnySubscriptionCallbackIN8std_msgs3msg7String_ISaIvEEES4_EC2ESt10shared_ptrIS4_E
FNDA:0,_ZN6rclcpp23AnySubscriptionCallbackIN8std_msgs3msg7String_ISaIvEEES4_E22dispatch_intra_processESt10shared_ptrIKS5_ERKNS_11MessageInfoE
FNDA:9,_ZN6rclcpp23AnySubscriptionCallbackIN8std_msgs3msg7String_ISaIvEEES4_E8dispatchESt10shared_ptrIS5_ERKNS_11MessageInfoE
FNDA:1,_ZN6rclcpp23AnySubscriptionCallbackIN8std_msgs3msg7String_ISaIvEEES4_E3setISt5_BindIFM17MinimalSubscriberKFvSt10shared_ptrIS5_EEPS9_St12_PlaceholderILi1EEEELPv0EEEvT_
FNDA:0,_ZN6rclcpp23AnySubscriptionCallbackIN8std_msgs3msg7String_ISaIvEEES4_E22dispatch_intra_processESt10unique_ptrIS5_St14default_deleteIS5_EERKNS_11MessageInfoE
FNDA:1,_ZN6rclcpp23AnySubscriptionCallbackIN8std_msgs3msg7String_ISaIvEEES4_E29register_callback_for_tracingEv
FNF:8
FNH:5
DA:63,1
DA:66,1
DA:68,1
DA:69,1
DA:70,1
DA:72,4
DA:83,1
DA:85,1
DA:86,1
DA:158,9
DA:161,9
DA:162,9
DA:163,9
DA:164,0
DA:165,0
DA:166,0
DA:167,0
DA:168,0
DA:169,0
DA:170,0
DA:171,0
DA:172,0
DA:173,0
DA:174,0
DA:175,0
DA:176,0
DA:177,0
DA:179,0
DA:181,9
DA:182,9
DA:184,0
DA:187,0
DA:188,0
DA:189,0
DA:190,0
DA:191,0
DA:193,0
DA:194,0
DA:195,0
DA:199,0
DA:201,0
DA:204,0
DA:205,0
DA:207,0
DA:210,0
DA:211,0
DA:212,0
DA:213,0
DA:214,0
DA:215,0
DA:216,0
DA:217,0
DA:218,0
DA:219,0
DA:220,0
DA:221,0
DA:224,0
DA:226,0
DA:228,0
DA:229,0
DA:231,0
DA:233,0
DA:236,1
DA:239,1
DA:240,1
DA:244,0
DA:245,0
DA:249,0
DA:250,0
DA:254,0
DA:255,0
DA:259,0
DA:260,0
DA:264,0
DA:265,0
DA:271,1
LF:76
LH:19
end_of_record
TN:
SF:/opt/ros/foxy/include/rclcpp/context.hpp
FN:310,_ZN6rclcpp7Context15get_sub_contextINS_12experimental19IntraProcessManagerEJEEESt10shared_ptrIT_EDpOT0_
FN:321,_ZZN6rclcpp7Context15get_sub_contextINS_12experimental19IntraProcessManagerEJEEESt10shared_ptrIT_EDpOT0_ENKUlPS3_E_clESA_
FNDA:0,_ZZN6rclcpp7Context15get_sub_contextINS_12experimental19IntraProcessManagerEJEEESt10shared_ptrIT_EDpOT0_ENKUlPS3_E_clESA_
FNDA:0,_ZN6rclcpp7Context15get_sub_contextINS_12experimental19IntraProcessManagerEJEEESt10shared_ptrIT_EDpOT0_
FNF:2
FNH:0
DA:310,0
DA:312,0
DA:314,0
DA:315,0
DA:316,0
DA:317,0
DA:319,0
DA:320,0
DA:321,0
DA:322,0
DA:324,0
DA:327,0
DA:329,0
LF:13
LH:0
end_of_record
TN:
SF:/opt/ros/foxy/include/rclcpp/create_publisher.hpp
FN:43,_ZN6rclcpp16create_publisherIN15statistics_msgs3msg15MetricsMessage_ISaIvEEES4_NS_9PublisherIS5_S4_EENS_4NodeEEESt10shared_ptrIT1_ERT2_RKNSt7__cxx1112basic_stringIcSt11char_traitsIcESaIcEEERKNS_3QoSERKNS_29PublisherOptionsWithAllocatorIT0_EE
FN:43,_ZN6rclcpp16create_publisherIN8std_msgs3msg7String_ISaIvEEES4_NS_9PublisherIS5_S4_EENS_4NodeEEESt10shared_ptrIT1_ERT2_RKNSt7__cxx1112basic_stringIcSt11char_traitsIcESaIcEEERKNS_3QoSERKNS_29PublisherOptionsWithAllocatorIT0_EE
FNDA:1,_ZN6rclcpp16create_publisherIN8std_msgs3msg7String_ISaIvEEES4_NS_9PublisherIS5_S4_EENS_4NodeEEESt10shared_ptrIT1_ERT2_RKNSt7__cxx1112basic_stringIcSt11char_traitsIcESaIcEEERKNS_3QoSERKNS_29PublisherOptionsWithAllocatorIT0_EE
FNDA:0,_ZN6rclcpp16create_publisherIN15statistics_msgs3msg15MetricsMessage_ISaIvEEES4_NS_9PublisherIS5_S4_EENS_4NodeEEESt10shared_ptrIT1_ERT2_RKNSt7__cxx1112basic_stringIcSt11char_traitsIcESaIcEEERKNS_3QoSERKNS_29PublisherOptionsWithAllocatorIT0_EE
FNF:2
FNH:1
DA:43,1
DA:54,2
DA:57,2
DA:64,1
DA:66,2
LF:5
LH:5
end_of_record
TN:
SF:/opt/ros/foxy/include/rclcpp/create_subscription.hpp
FN:80,_ZN6rclcpp19create_subscriptionIN8std_msgs3msg7String_ISaIvEEESt5_BindIFM17MinimalSubscriberKFvSt10shared_ptrIS5_EEPS7_St12_PlaceholderILi1EEEES4_S5_NS_12SubscriptionIS5_S4_NS_23message_memory_strategy21MessageMemoryStrategyIS5_S4_EEEESK_RNS_4NodeEEES8_IT3_EOT5_RKNSt7__cxx1112basic_stringIcSt11char_traitsIcESaIcEEERKNS_3QoSEOT0_RKNS_32SubscriptionOptionsWithAllocatorIT1_EENT4_9SharedPtrE
FN:123,_ZZN6rclcpp19create_subscriptionIN8std_msgs3msg7String_ISaIvEEESt5_BindIFM17MinimalSubscriberKFvSt10shared_ptrIS5_EEPS7_St12_PlaceholderILi1EEEES4_S5_NS_12SubscriptionIS5_S4_NS_23message_memory_strategy21MessageMemoryStrategyIS5_S4_EEEESK_RNS_4NodeEEES8_IT3_EOT5_RKNSt7__cxx1112basic_stringIcSt11char_traitsIcESaIcEEERKNS_3QoSEOT0_RKNS_32SubscriptionOptionsWithAllocatorIT1_EENT4_9SharedPtrEENKUlvE_clEv
FNDA:1,_ZN6rclcpp19create_subscriptionIN8std_msgs3msg7String_ISaIvEEESt5_BindIFM17MinimalSubscriberKFvSt10shared_ptrIS5_EEPS7_St12_PlaceholderILi1EEEES4_S5_NS_12SubscriptionIS5_S4_NS_23message_memory_strategy21MessageMemoryStrategyIS5_S4_EEEESK_RNS_4NodeEEES8_IT3_EOT5_RKNSt7__cxx1112basic_stringIcSt11char_traitsIcESaIcEEERKNS_3QoSEOT0_RKNS_32SubscriptionOptionsWithAllocatorIT1_EENT4_9SharedPtrE
FNDA:0,_ZZN6rclcpp19create_subscriptionIN8std_msgs3msg7String_ISaIvEEESt5_BindIFM17MinimalSubscriberKFvSt10shared_ptrIS5_EEPS7_St12_PlaceholderILi1EEEES4_S5_NS_12SubscriptionIS5_S4_NS_23message_memory_strategy21MessageMemoryStrategyIS5_S4_EEEESK_RNS_4NodeEEES8_IT3_EOT5_RKNSt7__cxx1112basic_stringIcSt11char_traitsIcESaIcEEERKNS_3QoSEOT0_RKNS_32SubscriptionOptionsWithAllocatorIT1_EENT4_9SharedPtrEENKUlvE_clEv
FNF:2
FNH:1
DA:80,1
DA:94,2
DA:97,2
DA:99,1
DA:101,1
DA:103,0
DA:107,0
DA:110,0
DA:113,0
DA:116,0
DA:118,0
DA:122,0
DA:123,0
DA:124,0
DA:125,0
DA:126,0
DA:130,0
DA:132,0
DA:134,0
DA:136,0
DA:137,0
DA:141,0
DA:144,3
DA:151,2
DA:152,1
DA:154,2
LF:26
LH:9
end_of_record
TN:
SF:/opt/ros/foxy/include/rclcpp/create_timer.hpp
FN:90,_ZN6rclcpp17create_wall_timerIlSt5ratioILl1ELl1000000000EEZNS_19create_subscriptionIN8std_msgs3msg7String_ISaIvEEESt5_BindIFM17MinimalSubscriberKFvSt10shared_ptrIS8_EEPSA_St12_PlaceholderILi1EEEES7_S8_NS_12SubscriptionIS8_S7_NS_23message_memory_strategy21MessageMemoryStrategyIS8_S7_EEEESN_RNS_4NodeEEESB_IT3_EOT5_RKNSt7__cxx1112basic_stringIcSt11char_traitsIcESaIcEEERKNS_3QoSEOT0_RKNS_32SubscriptionOptionsWithAllocatorIT1_EENT4_9SharedPtrEEUlvE_EENS_9WallTimerIS19_XLDn0EEE9SharedPtrENSt6chrono8durationIT_S16_EES19_SB_INS_13CallbackGroupEEPNS_15node_interfaces17NodeBaseInterfaceEPNS1P_19NodeTimersInterfaceE
FN:90,_ZN6rclcpp17create_wall_timerIlSt5ratioILl1ELl1000EESt5_BindIFM16MinimalPublisherFvvEPS4_EEEENS_9WallTimerIT1_XLDn0EEE9SharedPtrENSt6chrono8durationIT_T0_EESB_St10shared_ptrINS_13CallbackGroupEEPNS_15node_interfaces17NodeBaseInterfaceEPNSM_19NodeTimersInterfaceE
FNDA:0,_ZN6rclcpp17create_wall_timerIlSt5ratioILl1ELl1000000000EEZNS_19create_subscriptionIN8std_msgs3msg7String_ISaIvEEESt5_BindIFM17MinimalSubscriberKFvSt10shared_ptrIS8_EEPSA_St12_PlaceholderILi1EEEES7_S8_NS_12SubscriptionIS8_S7_NS_23message_memory_strategy21MessageMemoryStrategyIS8_S7_EEEESN_RNS_4NodeEEESB_IT3_EOT5_RKNSt7__cxx1112basic_stringIcSt11char_traitsIcESaIcEEERKNS_3QoSEOT0_RKNS_32SubscriptionOptionsWithAllocatorIT1_EENT4_9SharedPtrEEUlvE_EENS_9WallTimerIS19_XLDn0EEE9SharedPtrENSt6chrono8durationIT_S16_EES19_SB_INS_13CallbackGroupEEPNS_15node_interfaces17NodeBaseInterfaceEPNS1P_19NodeTimersInterfaceE
FNDA:1,_ZN6rclcpp17create_wall_timerIlSt5ratioILl1ELl1000EESt5_BindIFM16MinimalPublisherFvvEPS4_EEEENS_9WallTimerIT1_XLDn0EEE9SharedPtrENSt6chrono8durationIT_T0_EESB_St10shared_ptrINS_13CallbackGroupEEPNS_15node_interfaces17NodeBaseInterfaceEPNSM_19NodeTimersInterfaceE
FNF:2
FNH:1
DA:90,1
DA:97,1
DA:98,0
DA:101,1
DA:102,0
DA:105,1
DA:106,0
DA:111,1
DA:121,1
DA:124,1
DA:126,0
DA:129,1
DA:130,1
DA:132,0
DA:135,1
DA:136,1
DA:137,1
DA:138,2
LF:18
LH:13
end_of_record
TN:
SF:/opt/ros/foxy/include/rclcpp/detail/resolve_enable_topic_statistics.hpp
FN:30,_ZN6rclcpp6detail31resolve_enable_topic_statisticsINS_32SubscriptionOptionsWithAllocatorISaIvEEENS_15node_interfaces17NodeBaseInterfaceEEEbRKT_RKT0_
FNDA:2,_ZN6rclcpp6detail31resolve_enable_topic_statisticsINS_32SubscriptionOptionsWithAllocatorISaIvEEENS_15node_interfaces17NodeBaseInterfaceEEEbRKT_RKT0_
FNF:1
FNH:1
DA:30,2
DA:33,2
DA:34,0
DA:35,0
DA:36,0
DA:37,0
DA:38,0
DA:39,0
DA:40,2
DA:41,2
DA:42,2
DA:43,0
DA:44,0
DA:47,2
LF:14
LH:6
end_of_record
TN:
SF:/opt/ros/foxy/include/rclcpp/detail/resolve_intra_process_buffer_type.hpp
FN:32,_ZN6rclcpp6detail33resolve_intra_process_buffer_typeIN8std_msgs3msg7String_ISaIvEEES5_EENS_22IntraProcessBufferTypeES7_RKNS_23AnySubscriptionCallbackIT_T0_EE
FNDA:0,_ZN6rclcpp6detail33resolve_intra_process_buffer_typeIN8std_msgs3msg7String_ISaIvEEES5_EENS_22IntraProcessBufferTypeES7_RKNS_23AnySubscriptionCallbackIT_T0_EE
FNF:1
FNH:0
DA:32,0
DA:36,0
DA:39,0
DA:40,0
DA:41,0
DA:43,0
DA:47,0
LF:7
LH:0
end_of_record
TN:
SF:/opt/ros/foxy/include/rclcpp/detail/resolve_use_intra_process.hpp
FN:31,_ZN6rclcpp6detail25resolve_use_intra_processINS_29PublisherOptionsWithAllocatorISaIvEEENS_15node_interfaces17NodeBaseInterfaceEEEbRKT_RKT0_
FN:31,_ZN6rclcpp6detail25resolve_use_intra_processINS_32SubscriptionOptionsWithAllocatorISaIvEEENS_15node_interfaces17NodeBaseInterfaceEEEbRKT_RKT0_
FNDA:1,_ZN6rclcpp6detail25resolve_use_intra_processINS_29PublisherOptionsWithAllocatorISaIvEEENS_15node_interfaces17NodeBaseInterfaceEEEbRKT_RKT0_
FNDA:2,_ZN6rclcpp6detail25resolve_use_intra_processINS_32SubscriptionOptionsWithAllocatorISaIvEEENS_15node_interfaces17NodeBaseInterfaceEEEbRKT_RKT0_
FNF:2
FNH:2
DA:31,3
DA:34,3
DA:35,0
DA:36,0
DA:37,0
DA:38,0
DA:39,0
DA:40,0
DA:41,3
DA:42,3
DA:43,3
DA:44,0
DA:45,0
DA:49,3
LF:14
LH:6
end_of_record
TN:
SF:/opt/ros/foxy/include/rclcpp/exceptions/exceptions.hpp
FN:140,_ZN6rclcpp10exceptions12RCLErrorBaseD0Ev
FN:140,_ZN6rclcpp10exceptions12RCLErrorBaseD2Ev
FNDA:0,_ZN6rclcpp10exceptions12RCLErrorBaseD0Ev
FNDA:12,_ZN6rclcpp10exceptions12RCLErrorBaseD2Ev
FNF:2
FNH:1
DA:140,12
LF:1
LH:1
end_of_record
TN:
SF:/opt/ros/foxy/include/rclcpp/experimental/buffers/buffer_implementation_base.hpp
FN:29,_ZN6rclcpp12experimental7buffers24BufferImplementationBaseISt10unique_ptrIN8std_msgs3msg7String_ISaIvEEESt14default_deleteIS8_EEED2Ev
FN:29,_ZN6rclcpp12experimental7buffers24BufferImplementationBaseISt10unique_ptrIN8std_msgs3msg7String_ISaIvEEESt14default_deleteIS8_EEED0Ev
FN:29,_ZN6rclcpp12experimental7buffers24BufferImplementationBaseISt10shared_ptrIKN8std_msgs3msg7String_ISaIvEEEEED0Ev
FN:29,_ZN6rclcpp12experimental7buffers24BufferImplementationBaseISt10shared_ptrIKN8std_msgs3msg7String_ISaIvEEEEED2Ev
FNDA:0,_ZN6rclcpp12experimental7buffers24BufferImplementationBaseISt10unique_ptrIN8std_msgs3msg7String_ISaIvEEESt14default_deleteIS8_EEED0Ev
FNDA:0,_ZN6rclcpp12experimental7buffers24BufferImplementationBaseISt10unique_ptrIN8std_msgs3msg7String_ISaIvEEESt14default_deleteIS8_EEED2Ev
FNDA:0,_ZN6rclcpp12experimental7buffers24BufferImplementationBaseISt10shared_ptrIKN8std_msgs3msg7String_ISaIvEEEEED2Ev
FNDA:0,_ZN6rclcpp12experimental7buffers24BufferImplementationBaseISt10shared_ptrIKN8std_msgs3msg7String_ISaIvEEEEED0Ev
FNF:4
FNH:0
DA:29,0
LF:1
LH:0
end_of_record
TN:
SF:/opt/ros/foxy/include/rclcpp/experimental/buffers/intra_process_buffer.hpp
FN:39,_ZN6rclcpp12experimental7buffers22IntraProcessBufferBaseD2Ev
FN:39,_ZN6rclcpp12experimental7buffers22IntraProcessBufferBaseD0Ev
FN:56,_ZN6rclcpp12experimental7buffers18IntraProcessBufferIN8std_msgs3msg7String_ISaIvEEES6_St14default_deleteIS7_EED0Ev
FN:56,_ZN6rclcpp12experimental7buffers18IntraProcessBufferIN8std_msgs3msg7String_ISaIvEEES6_St14default_deleteIS7_EED2Ev
FN:84,_ZN6rclcpp12experimental7buffers23TypedIntraProcessBufferIN8std_msgs3msg7String_ISaIvEEES6_St14default_deleteIS7_ESt10unique_ptrIS7_S9_EEC2ESA_INS1_24BufferImplementationBaseISB_EES8_ISE_EESt10shared_ptrIS6_E
FN:84,_ZN6rclcpp12experimental7buffers23TypedIntraProcessBufferIN8std_msgs3msg7String_ISaIvEEES6_St14default_deleteIS7_ESt10shared_ptrIKS7_EEC2ESt10unique_ptrINS1_24BufferImplementationBaseISC_EES8_ISG_EESA_IS6_E
FN:103,_ZN6rclcpp12experimental7buffers23TypedIntraProcessBufferIN8std_msgs3msg7String_ISaIvEEES6_St14default_deleteIS7_ESt10unique_ptrIS7_S9_EED2Ev
FN:103,_ZN6rclcpp12experimental7buffers23TypedIntraProcessBufferIN8std_msgs3msg7String_ISaIvEEES6_St14default_deleteIS7_ESt10shared_ptrIKS7_EED2Ev
FN:103,_ZN6rclcpp12experimental7buffers23TypedIntraProcessBufferIN8std_msgs3msg7String_ISaIvEEES6_St14default_deleteIS7_ESt10shared_ptrIKS7_EED0Ev
FN:103,_ZN6rclcpp12experimental7buffers23TypedIntraProcessBufferIN8std_msgs3msg7String_ISaIvEEES6_St14default_deleteIS7_ESt10unique_ptrIS7_S9_EED0Ev
FN:105,_ZN6rclcpp12experimental7buffers23TypedIntraProcessBufferIN8std_msgs3msg7String_ISaIvEEES6_St14default_deleteIS7_ESt10unique_ptrIS7_S9_EE10add_sharedESt10shared_ptrIKS7_E
FN:105,_ZN6rclcpp12experimental7buffers23TypedIntraProcessBufferIN8std_msgs3msg7String_ISaIvEEES6_St14default_deleteIS7_ESt10shared_ptrIKS7_EE10add_sharedESC_
FN:110,_ZN6rclcpp12experimental7buffers23TypedIntraProcessBufferIN8std_msgs3msg7String_ISaIvEEES6_St14default_deleteIS7_ESt10unique_ptrIS7_S9_EE10add_uniqueESB_
FN:110,_ZN6rclcpp12experimental7buffers23TypedIntraProcessBufferIN8std_msgs3msg7String_ISaIvEEES6_St14default_deleteIS7_ESt10shared_ptrIKS7_EE10add_uniqueESt10unique_ptrIS7_S9_E
FN:115,_ZN6rclcpp12experimental7buffers23TypedIntraProcessBufferIN8std_msgs3msg7String_ISaIvEEES6_St14default_deleteIS7_ESt10shared_ptrIKS7_EE14consume_sharedEv
FN:115,_ZN6rclcpp12experimental7buffers23TypedIntraProcessBufferIN8std_msgs3msg7String_ISaIvEEES6_St14default_deleteIS7_ESt10unique_ptrIS7_S9_EE14consume_sharedEv
FN:120,_ZN6rclcpp12experimental7buffers23TypedIntraProcessBufferIN8std_msgs3msg7String_ISaIvEEES6_St14default_deleteIS7_ESt10unique_ptrIS7_S9_EE14consume_uniqueEv
FN:120,_ZN6rclcpp12experimental7buffers23TypedIntraProcessBufferIN8std_msgs3msg7String_ISaIvEEES6_St14default_deleteIS7_ESt10shared_ptrIKS7_EE14consume_uniqueEv
FN:125,_ZNK6rclcpp12experimental7buffers23TypedIntraProcessBufferIN8std_msgs3msg7String_ISaIvEEES6_St14default_deleteIS7_ESt10shared_ptrIKS7_EE8has_dataEv
FN:125,_ZNK6rclcpp12experimental7buffers23TypedIntraProcessBufferIN8std_msgs3msg7String_ISaIvEEES6_St14default_deleteIS7_ESt10unique_ptrIS7_S9_EE8has_dataEv
FN:130,_ZN6rclcpp12experimental7buffers23TypedIntraProcessBufferIN8std_msgs3msg7String_ISaIvEEES6_St14default_deleteIS7_ESt10unique_ptrIS7_S9_EE5clearEv
FN:130,_ZN6rclcpp12experimental7buffers23TypedIntraProcessBufferIN8std_msgs3msg7String_ISaIvEEES6_St14default_deleteIS7_ESt10shared_ptrIKS7_EE5clearEv
FN:135,_ZNK6rclcpp12experimental7buffers23TypedIntraProcessBufferIN8std_msgs3msg7String_ISaIvEEES6_St14default_deleteIS7_ESt10shared_ptrIKS7_EE22use_take_shared_methodEv
FN:135,_ZNK6rclcpp12experimental7buffers23TypedIntraProcessBufferIN8std_msgs3msg7String_ISaIvEEES6_St14default_deleteIS7_ESt10unique_ptrIS7_S9_EE22use_take_shared_methodEv
FN:150,_ZN6rclcpp12experimental7buffers23TypedIntraProcessBufferIN8std_msgs3msg7String_ISaIvEEES6_St14default_deleteIS7_ESt10shared_ptrIKS7_EE15add_shared_implISC_EENSt9enable_ifIXsrSt7is_sameIT_SC_E5valueEvE4typeESC_
FN:160,_ZN6rclcpp12experimental7buffers23TypedIntraProcessBufferIN8std_msgs3msg7String_ISaIvEEES6_St14default_deleteIS7_ESt10unique_ptrIS7_S9_EE15add_shared_implISB_EENSt9enable_ifIXsrSt7is_sameIT_SB_E5valueEvE4typeESt10shared_ptrIKS7_E
FN:184,_ZN6rclcpp12experimental7buffers23TypedIntraProcessBufferIN8std_msgs3msg7String_ISaIvEEES6_St14default_deleteIS7_ESt10shared_ptrIKS7_EE19consume_shared_implISC_EENSt9enable_ifIXsrSt7is_sameIT_SC_E5valueESC_E4typeEv
FN:195,_ZN6rclcpp12experimental7buffers23TypedIntraProcessBufferIN8std_msgs3msg7String_ISaIvEEES6_St14default_deleteIS7_ESt10unique_ptrIS7_S9_EE19consume_shared_implISB_EENSt9enable_ifIXsrSt7is_sameIT_SB_E5valueESt10shared_ptrIKS7_EE4typeEv
FN:207,_ZN6rclcpp12experimental7buffers23TypedIntraProcessBufferIN8std_msgs3msg7String_ISaIvEEES6_St14default_deleteIS7_ESt10shared_ptrIKS7_EE19consume_unique_implISC_EENSt9enable_ifIXsrSt7is_sameIT_SC_E5valueESt10unique_ptrIS7_S9_EE4typeEv
FN:230,_ZN6rclcpp12experimental7buffers23TypedIntraProcessBufferIN8std_msgs3msg7String_ISaIvEEES6_St14default_deleteIS7_ESt10unique_ptrIS7_S9_EE19consume_unique_implISB_EENSt9enable_ifIXsrSt7is_sameIT_SB_E5valueESB_E4typeEv
FNDA:0,_ZN6rclcpp12experimental7buffers23TypedIntraProcessBufferIN8std_msgs3msg7String_ISaIvEEES6_St14default_deleteIS7_ESt10shared_ptrIKS7_EE14consume_sharedEv
FNDA:0,_ZN6rclcpp12experimental7buffers23TypedIntraProcessBufferIN8std_msgs3msg7String_ISaIvEEES6_St14default_deleteIS7_ESt10unique_ptrIS7_S9_EE10add_sharedESt10shared_ptrIKS7_E
FNDA:0,_ZNK6rclcpp12experimental7buffers23TypedIntraProcessBufferIN8std_msgs3msg7String_ISaIvEEES6_St14default_deleteIS7_ESt10unique_ptrIS7_S9_EE22use_take_shared_methodEv
FNDA:0,_ZN6rclcpp12experimental7buffers23TypedIntraProcessBufferIN8std_msgs3msg7String_ISaIvEEES6_St14default_deleteIS7_ESt10unique_ptrIS7_S9_EED0Ev
FNDA:0,_ZN6rclcpp12experimental7buffers18IntraProcessBufferIN8std_msgs3msg7String_ISaIvEEES6_St14default_deleteIS7_EED2Ev
FNDA:0,_ZN6rclcpp12experimental7buffers23TypedIntraProcessBufferIN8std_msgs3msg7String_ISaIvEEES6_St14default_deleteIS7_ESt10shared_ptrIKS7_EE5clearEv
FNDA:0,_ZN6rclcpp12experimental7buffers23TypedIntraProcessBufferIN8std_msgs3msg7String_ISaIvEEES6_St14default_deleteIS7_ESt10shared_ptrIKS7_EE14consume_uniqueEv
FNDA:0,_ZNK6rclcpp12experimental7buffers23TypedIntraProcessBufferIN8std_msgs3msg7String_ISaIvEEES6_St14default_deleteIS7_ESt10unique_ptrIS7_S9_EE8has_dataEv
FNDA:0,_ZN6rclcpp12experimental7buffers23TypedIntraProcessBufferIN8std_msgs3msg7String_ISaIvEEES6_St14default_deleteIS7_ESt10shared_ptrIKS7_EEC2ESt10unique_ptrINS1_24BufferImplementationBaseISC_EES8_ISG_EESA_IS6_E
FNDA:0,_ZN6rclcpp12experimental7buffers23TypedIntraProcessBufferIN8std_msgs3msg7String_ISaIvEEES6_St14default_deleteIS7_ESt10unique_ptrIS7_S9_EE19consume_unique_implISB_EENSt9enable_ifIXsrSt7is_sameIT_SB_E5valueESB_E4typeEv
FNDA:0,_ZN6rclcpp12experimental7buffers23TypedIntraProcessBufferIN8std_msgs3msg7String_ISaIvEEES6_St14default_deleteIS7_ESt10unique_ptrIS7_S9_EE14consume_sharedEv
FNDA:0,_ZN6rclcpp12experimental7buffers23TypedIntraProcessBufferIN8std_msgs3msg7String_ISaIvEEES6_St14default_deleteIS7_ESt10shared_ptrIKS7_EE10add_sharedESC_
FNDA:0,_ZN6rclcpp12experimental7buffers18IntraProcessBufferIN8std_msgs3msg7String_ISaIvEEES6_St14default_deleteIS7_EED0Ev
FNDA:0,_ZNK6rclcpp12experimental7buffers23TypedIntraProcessBufferIN8std_msgs3msg7String_ISaIvEEES6_St14default_deleteIS7_ESt10shared_ptrIKS7_EE22use_take_shared_methodEv
FNDA:0,_ZNK6rclcpp12experimental7buffers23TypedIntraProcessBufferIN8std_msgs3msg7String_ISaIvEEES6_St14default_deleteIS7_ESt10shared_ptrIKS7_EE8has_dataEv
FNDA:0,_ZN6rclcpp12experimental7buffers23TypedIntraProcessBufferIN8std_msgs3msg7String_ISaIvEEES6_St14default_deleteIS7_ESt10unique_ptrIS7_S9_EEC2ESA_INS1_24BufferImplementationBaseISB_EES8_ISE_EESt10shared_ptrIS6_E
FNDA:0,_ZN6rclcpp12experimental7buffers23TypedIntraProcessBufferIN8std_msgs3msg7String_ISaIvEEES6_St14default_deleteIS7_ESt10unique_ptrIS7_S9_EE14consume_uniqueEv
FNDA:0,_ZN6rclcpp12experimental7buffers23TypedIntraProcessBufferIN8std_msgs3msg7String_ISaIvEEES6_St14default_deleteIS7_ESt10unique_ptrIS7_S9_EE10add_uniqueESB_
FNDA:0,_ZN6rclcpp12experimental7buffers23TypedIntraProcessBufferIN8std_msgs3msg7String_ISaIvEEES6_St14default_deleteIS7_ESt10unique_ptrIS7_S9_EE15add_shared_implISB_EENSt9enable_ifIXsrSt7is_sameIT_SB_E5valueEvE4typeESt10shared_ptrIKS7_E
FNDA:0,_ZN6rclcpp12experimental7buffers23TypedIntraProcessBufferIN8std_msgs3msg7String_ISaIvEEES6_St14default_deleteIS7_ESt10unique_ptrIS7_S9_EED2Ev
FNDA:0,_ZN6rclcpp12experimental7buffers22IntraProcessBufferBaseD2Ev
FNDA:0,_ZN6rclcpp12experimental7buffers23TypedIntraProcessBufferIN8std_msgs3msg7String_ISaIvEEES6_St14default_deleteIS7_ESt10shared_ptrIKS7_EED2Ev
FNDA:0,_ZN6rclcpp12experimental7buffers23TypedIntraProcessBufferIN8std_msgs3msg7String_ISaIvEEES6_St14default_deleteIS7_ESt10shared_ptrIKS7_EE15add_shared_implISC_EENSt9enable_ifIXsrSt7is_sameIT_SC_E5valueEvE4typeESC_
FNDA:0,_ZN6rclcpp12experimental7buffers23TypedIntraProcessBufferIN8std_msgs3msg7String_ISaIvEEES6_St14default_deleteIS7_ESt10shared_ptrIKS7_EE19consume_shared_implISC_EENSt9enable_ifIXsrSt7is_sameIT_SC_E5valueESC_E4typeEv
FNDA:0,_ZN6rclcpp12experimental7buffers23TypedIntraProcessBufferIN8std_msgs3msg7String_ISaIvEEES6_St14default_deleteIS7_ESt10shared_ptrIKS7_EE10add_uniqueESt10unique_ptrIS7_S9_E
FNDA:0,_ZN6rclcpp12experimental7buffers23TypedIntraProcessBufferIN8std_msgs3msg7String_ISaIvEEES6_St14default_deleteIS7_ESt10shared_ptrIKS7_EE19consume_unique_implISC_EENSt9enable_ifIXsrSt7is_sameIT_SC_E5valueESt10unique_ptrIS7_S9_EE4typeEv
FNDA:0,_ZN6rclcpp12experimental7buffers22IntraProcessBufferBaseD0Ev
FNDA:0,_ZN6rclcpp12experimental7buffers23TypedIntraProcessBufferIN8std_msgs3msg7String_ISaIvEEES6_St14default_deleteIS7_ESt10unique_ptrIS7_S9_EE19consume_shared_implISB_EENSt9enable_ifIXsrSt7is_sameIT_SB_E5valueESt10shared_ptrIKS7_EE4typeEv
FNDA:0,_ZN6rclcpp12experimental7buffers23TypedIntraProcessBufferIN8std_msgs3msg7String_ISaIvEEES6_St14default_deleteIS7_ESt10shared_ptrIKS7_EED0Ev
FNDA:0,_ZN6rclcpp12experimental7buffers23TypedIntraProcessBufferIN8std_msgs3msg7String_ISaIvEEES6_St14default_deleteIS7_ESt10unique_ptrIS7_S9_EE5clearEv
FNF:30
FNH:0
DA:39,0
DA:56,0
DA:84,0
DA:87,0
DA:88,0
DA:90,0
DA:91,0
DA:94,0
DA:96,0
DA:97,0
DA:99,0
DA:101,0
DA:103,0
DA:105,0
DA:107,0
DA:108,0
DA:110,0
DA:112,0
DA:113,0
DA:115,0
DA:117,0
DA:120,0
DA:122,0
DA:125,0
DA:127,0
DA:130,0
DA:132,0
DA:133,0
DA:135,0
DA:137,0
DA:150,0
DA:152,0
DA:153,0
DA:160,0
DA:165,0
DA:166,0
DA:167,0
DA:168,0
DA:169,0
DA:170,0
DA:172,0
DA:175,0
DA:176,0
DA:184,0
DA:186,0
DA:195,0
DA:198,0
DA:207,0
DA:209,0
DA:211,0
DA:212,0
DA:213,0
DA:214,0
DA:215,0
DA:216,0
DA:218,0
DA:221,0
DA:230,0
DA:232,0
LF:59
LH:0
end_of_record
TN:
SF:/opt/ros/foxy/include/rclcpp/experimental/buffers/ring_buffer_implementation.hpp
FN:44,_ZN6rclcpp12experimental7buffers24RingBufferImplementationISt10unique_ptrIN8std_msgs3msg7String_ISaIvEEESt14default_deleteIS8_EEEC2Em
FN:44,_ZN6rclcpp12experimental7buffers24RingBufferImplementationISt10shared_ptrIKN8std_msgs3msg7String_ISaIvEEEEEC2Em
FN:56,_ZN6rclcpp12experimental7buffers24RingBufferImplementationISt10unique_ptrIN8std_msgs3msg7String_ISaIvEEESt14default_deleteIS8_EEED0Ev
FN:56,_ZN6rclcpp12experimental7buffers24RingBufferImplementationISt10shared_ptrIKN8std_msgs3msg7String_ISaIvEEEEED2Ev
FN:56,_ZN6rclcpp12experimental7buffers24RingBufferImplementationISt10unique_ptrIN8std_msgs3msg7String_ISaIvEEESt14default_deleteIS8_EEED2Ev
FN:56,_ZN6rclcpp12experimental7buffers24RingBufferImplementationISt10shared_ptrIKN8std_msgs3msg7String_ISaIvEEEEED0Ev
FN:58,_ZN6rclcpp12experimental7buffers24RingBufferImplementationISt10unique_ptrIN8std_msgs3msg7String_ISaIvEEESt14default_deleteIS8_EEE7enqueueESB_
FN:58,_ZN6rclcpp12experimental7buffers24RingBufferImplementationISt10shared_ptrIKN8std_msgs3msg7String_ISaIvEEEEE7enqueueESA_
FN:72,_ZN6rclcpp12experimental7buffers24RingBufferImplementationISt10shared_ptrIKN8std_msgs3msg7String_ISaIvEEEEE7dequeueEv
FN:72,_ZN6rclcpp12experimental7buffers24RingBufferImplementationISt10unique_ptrIN8std_msgs3msg7String_ISaIvEEESt14default_deleteIS8_EEE7dequeueEv
FN:89,_ZN6rclcpp12experimental7buffers24RingBufferImplementationISt10unique_ptrIN8std_msgs3msg7String_ISaIvEEESt14default_deleteIS8_EEE4nextEm
FN:89,_ZN6rclcpp12experimental7buffers24RingBufferImplementationISt10shared_ptrIKN8std_msgs3msg7String_ISaIvEEEEE4nextEm
FN:94,_ZNK6rclcpp12experimental7buffers24RingBufferImplementationISt10unique_ptrIN8std_msgs3msg7String_ISaIvEEESt14default_deleteIS8_EEE8has_dataEv
FN:94,_ZNK6rclcpp12experimental7buffers24RingBufferImplementationISt10shared_ptrIKN8std_msgs3msg7String_ISaIvEEEEE8has_dataEv
FN:99,_ZN6rclcpp12experimental7buffers24RingBufferImplementationISt10unique_ptrIN8std_msgs3msg7String_ISaIvEEESt14default_deleteIS8_EEE7is_fullEv
FN:99,_ZN6rclcpp12experimental7buffers24RingBufferImplementationISt10shared_ptrIKN8std_msgs3msg7String_ISaIvEEEEE7is_fullEv
FN:104,_ZN6rclcpp12experimental7buffers24RingBufferImplementationISt10unique_ptrIN8std_msgs3msg7String_ISaIvEEESt14default_deleteIS8_EEE5clearEv
FN:104,_ZN6rclcpp12experimental7buffers24RingBufferImplementationISt10shared_ptrIKN8std_msgs3msg7String_ISaIvEEEEE5clearEv
FNDA:0,_ZN6rclcpp12experimental7buffers24RingBufferImplementationISt10shared_ptrIKN8std_msgs3msg7String_ISaIvEEEEEC2Em
FNDA:0,_ZNK6rclcpp12experimental7buffers24RingBufferImplementationISt10unique_ptrIN8std_msgs3msg7String_ISaIvEEESt14default_deleteIS8_EEE8has_dataEv
FNDA:0,_ZN6rclcpp12experimental7buffers24RingBufferImplementationISt10unique_ptrIN8std_msgs3msg7String_ISaIvEEESt14default_deleteIS8_EEED0Ev
FNDA:0,_ZN6rclcpp12experimental7buffers24RingBufferImplementationISt10unique_ptrIN8std_msgs3msg7String_ISaIvEEESt14default_deleteIS8_EEE7enqueueESB_
FNDA:0,_ZN6rclcpp12experimental7buffers24RingBufferImplementationISt10shared_ptrIKN8std_msgs3msg7String_ISaIvEEEEE7enqueueESA_
FNDA:0,_ZN6rclcpp12experimental7buffers24RingBufferImplementationISt10unique_ptrIN8std_msgs3msg7String_ISaIvEEESt14default_deleteIS8_EEE7is_fullEv
FNDA:0,_ZN6rclcpp12experimental7buffers24RingBufferImplementationISt10unique_ptrIN8std_msgs3msg7String_ISaIvEEESt14default_deleteIS8_EEE7dequeueEv
FNDA:0,_ZN6rclcpp12experimental7buffers24RingBufferImplementationISt10unique_ptrIN8std_msgs3msg7String_ISaIvEEESt14default_deleteIS8_EEE4nextEm
FNDA:0,_ZN6rclcpp12experimental7buffers24RingBufferImplementationISt10shared_ptrIKN8std_msgs3msg7String_ISaIvEEEEE7dequeueEv
FNDA:0,_ZN6rclcpp12experimental7buffers24RingBufferImplementationISt10unique_ptrIN8std_msgs3msg7String_ISaIvEEESt14default_deleteIS8_EEEC2Em
FNDA:0,_ZN6rclcpp12experimental7buffers24RingBufferImplementationISt10shared_ptrIKN8std_msgs3msg7String_ISaIvEEEEE4nextEm
FNDA:0,_ZN6rclcpp12experimental7buffers24RingBufferImplementationISt10shared_ptrIKN8std_msgs3msg7String_ISaIvEEEEED0Ev
FNDA:0,_ZN6rclcpp12experimental7buffers24RingBufferImplementationISt10shared_ptrIKN8std_msgs3msg7String_ISaIvEEEEE5clearEv
FNDA:0,_ZN6rclcpp12experimental7buffers24RingBufferImplementationISt10unique_ptrIN8std_msgs3msg7String_ISaIvEEESt14default_deleteIS8_EEED2Ev
FNDA:0,_ZN6rclcpp12experimental7buffers24RingBufferImplementationISt10shared_ptrIKN8std_msgs3msg7String_ISaIvEEEEED2Ev
FNDA:0,_ZN6rclcpp12experimental7buffers24RingBufferImplementationISt10unique_ptrIN8std_msgs3msg7String_ISaIvEEESt14default_deleteIS8_EEE5clearEv
FNDA:0,_ZN6rclcpp12experimental7buffers24RingBufferImplementationISt10shared_ptrIKN8std_msgs3msg7String_ISaIvEEEEE7is_fullEv
FNDA:0,_ZNK6rclcpp12experimental7buffers24RingBufferImplementationISt10shared_ptrIKN8std_msgs3msg7String_ISaIvEEEEE8has_dataEv
FNF:18
FNH:0
DA:44,0
DA:47,0
DA:49,0
DA:51,0
DA:52,0
DA:54,0
DA:56,0
DA:58,0
DA:60,0
DA:62,0
DA:63,0
DA:65,0
DA:66,0
DA:68,0
DA:70,0
DA:72,0
DA:74,0
DA:76,0
DA:77,0
DA:78,0
DA:81,0
DA:82,0
DA:84,0
DA:86,0
DA:89,0
DA:91,0
DA:94,0
DA:96,0
DA:99,0
DA:101,0
DA:104,0
LF:31
LH:0
end_of_record
TN:
SF:/opt/ros/foxy/include/rclcpp/experimental/create_intra_process_buffer.hpp
FN:38,_ZN6rclcpp12experimental27create_intra_process_bufferIN8std_msgs3msg7String_ISaIvEEES5_St14default_deleteIS6_EEENS0_7buffers18IntraProcessBufferIT_T0_T1_E9UniquePtrENS_22IntraProcessBufferTypeE17rmw_qos_profile_tSt10shared_ptrISC_E
FNDA:0,_ZN6rclcpp12experimental27create_intra_process_bufferIN8std_msgs3msg7String_ISaIvEEES5_St14default_deleteIS6_EEENS0_7buffers18IntraProcessBufferIT_T0_T1_E9UniquePtrENS_22IntraProcessBufferTypeE17rmw_qos_profile_tSt10shared_ptrISC_E
FNF:1
FNH:0
DA:38,0
DA:46,0
DA:49,0
DA:51,0
DA:52,0
DA:56,0
DA:61,0
DA:64,0
DA:67,0
DA:69,0
DA:73,0
DA:78,0
DA:81,0
DA:84,0
DA:86,0
DA:88,0
DA:93,0
LF:17
LH:0
end_of_record
TN:
SF:/opt/ros/foxy/include/rclcpp/experimental/intra_process_manager.hpp
FN:181,_ZN6rclcpp12experimental19IntraProcessManager24do_intra_process_publishIN15statistics_msgs3msg15MetricsMessage_ISaIvEEES6_St14default_deleteIS7_EEEvmSt10unique_ptrIT_T1_ESt10shared_ptrINSt16allocator_traitsIT0_E13rebind_traitsISB_E14allocator_typeEE
FN:181,_ZN6rclcpp12experimental19IntraProcessManager24do_intra_process_publishIN8std_msgs3msg7String_ISaIvEEES6_St14default_deleteIS7_EEEvmSt10unique_ptrIT_T1_ESt10shared_ptrINSt16allocator_traitsIT0_E13rebind_traitsISB_E14allocator_typeEE
FN:243,_ZN6rclcpp12experimental19IntraProcessManager42do_intra_process_publish_and_return_sharedIN8std_msgs3msg7String_ISaIvEEES6_St14default_deleteIS7_EEESt10shared_ptrIKT_EmSt10unique_ptrISB_T1_ESA_INSt16allocator_traitsIT0_E13rebind_traitsISB_E14allocator_typeEE
FN:243,_ZN6rclcpp12experimental19IntraProcessManager42do_intra_process_publish_and_return_sharedIN15statistics_msgs3msg15MetricsMessage_ISaIvEEES6_St14default_deleteIS7_EEESt10shared_ptrIKT_EmSt10unique_ptrISB_T1_ESA_INSt16allocator_traitsIT0_E13rebind_traitsISB_E14allocator_typeEE
FN:359,_ZN6rclcpp12experimental19IntraProcessManager25add_shared_msg_to_buffersIN15statistics_msgs3msg15MetricsMessage_ISaIvEEES6_St14default_deleteIS7_EEEvSt10shared_ptrIKT_ESt6vectorImSaImEE
FN:359,_ZN6rclcpp12experimental19IntraProcessManager25add_shared_msg_to_buffersIN8std_msgs3msg7String_ISaIvEEES6_St14default_deleteIS7_EEEvSt10shared_ptrIKT_ESt6vectorImSaImEE
FN:389,_ZN6rclcpp12experimental19IntraProcessManager24add_owned_msg_to_buffersIN15statistics_msgs3msg15MetricsMessage_ISaIvEEES6_St14default_deleteIS7_EEEvSt10unique_ptrIT_T1_ESt6vectorImSaImEESt10shared_ptrINSt16allocator_traitsIT0_E13rebind_traitsISB_E14allocator_typeEE
FN:389,_ZN6rclcpp12experimental19IntraProcessManager24add_owned_msg_to_buffersIN8std_msgs3msg7String_ISaIvEEES6_St14default_deleteIS7_EEEvSt10unique_ptrIT_T1_ESt6vectorImSaImEESt10shared_ptrINSt16allocator_traitsIT0_E13rebind_traitsISB_E14allocator_typeEE
FNDA:0,_ZN6rclcpp12experimental19IntraProcessManager42do_intra_process_publish_and_return_sharedIN8std_msgs3msg7String_ISaIvEEES6_St14default_deleteIS7_EEESt10shared_ptrIKT_EmSt10unique_ptrISB_T1_ESA_INSt16allocator_traitsIT0_E13rebind_traitsISB_E14allocator_typeEE
FNDA:0,_ZN6rclcpp12experimental19IntraProcessManager24do_intra_process_publishIN15statistics_msgs3msg15MetricsMessage_ISaIvEEES6_St14default_deleteIS7_EEEvmSt10unique_ptrIT_T1_ESt10shared_ptrINSt16allocator_traitsIT0_E13rebind_traitsISB_E14allocator_typeEE
FNDA:0,_ZN6rclcpp12experimental19IntraProcessManager25add_shared_msg_to_buffersIN15statistics_msgs3msg15MetricsMessage_ISaIvEEES6_St14default_deleteIS7_EEEvSt10shared_ptrIKT_ESt6vectorImSaImEE
FNDA:0,_ZN6rclcpp12experimental19IntraProcessManager25add_shared_msg_to_buffersIN8std_msgs3msg7String_ISaIvEEES6_St14default_deleteIS7_EEEvSt10shared_ptrIKT_ESt6vectorImSaImEE
FNDA:0,_ZN6rclcpp12experimental19IntraProcessManager24add_owned_msg_to_buffersIN15statistics_msgs3msg15MetricsMessage_ISaIvEEES6_St14default_deleteIS7_EEEvSt10unique_ptrIT_T1_ESt6vectorImSaImEESt10shared_ptrINSt16allocator_traitsIT0_E13rebind_traitsISB_E14allocator_typeEE
FNDA:0,_ZN6rclcpp12experimental19IntraProcessManager24do_intra_process_publishIN8std_msgs3msg7String_ISaIvEEES6_St14default_deleteIS7_EEEvmSt10unique_ptrIT_T1_ESt10shared_ptrINSt16allocator_traitsIT0_E13rebind_traitsISB_E14allocator_typeEE
FNDA:0,_ZN6rclcpp12experimental19IntraProcessManager24add_owned_msg_to_buffersIN8std_msgs3msg7String_ISaIvEEES6_St14default_deleteIS7_EEEvSt10unique_ptrIT_T1_ESt6vectorImSaImEESt10shared_ptrINSt16allocator_traitsIT0_E13rebind_traitsISB_E14allocator_typeEE
FNDA:0,_ZN6rclcpp12experimental19IntraProcessManager42do_intra_process_publish_and_return_sharedIN15statistics_msgs3msg15MetricsMessage_ISaIvEEES6_St14default_deleteIS7_EEESt10shared_ptrIKT_EmSt10unique_ptrISB_T1_ESA_INSt16allocator_traitsIT0_E13rebind_traitsISB_E14allocator_typeEE
FNF:8
FNH:0
DA:181,0
DA:189,0
DA:191,0
DA:192,0
DA:194,0
DA:197,0
DA:199,0
DA:201,0
DA:203,0
DA:205,0
DA:206,0
DA:207,0
DA:208,0
DA:214,0
DA:215,0
DA:216,0
DA:220,0
DA:221,0
DA:224,0
DA:225,0
DA:229,0
DA:231,0
DA:232,0
DA:233,0
DA:234,0
DA:243,0
DA:251,0
DA:253,0
DA:254,0
DA:256,0
DA:259,0
DA:261,0
DA:263,0
DA:265,0
DA:266,0
DA:267,0
DA:268,0
DA:270,0
DA:274,0
DA:276,0
DA:277,0
DA:279,0
DA:281,0
DA:282,0
DA:283,0
DA:284,0
DA:288,0
DA:359,0
DA:363,0
DA:364,0
DA:365,0
DA:366,0
DA:368,0
DA:370,0
DA:373,0
DA:378,0
DA:380,0
DA:382,0
DA:389,0
DA:397,0
DA:398,0
DA:399,0
DA:400,0
DA:402,0
DA:404,0
DA:407,0
DA:412,0
DA:415,0
DA:417,0
DA:420,0
DA:421,0
DA:422,0
DA:423,0
DA:424,0
DA:426,0
DA:429,0
LF:76
LH:0
end_of_record
TN:
SF:/opt/ros/foxy/include/rclcpp/experimental/subscription_intra_process.hpp
FN:61,_ZN6rclcpp12experimental24SubscriptionIntraProcessIN8std_msgs3msg7String_ISaIvEEES5_St14default_deleteIS6_ES6_EC2ENS_23AnySubscriptionCallbackIS6_S5_EESt10shared_ptrIS5_ESC_INS_7ContextEERKNSt7__cxx1112basic_stringIcSt11char_traitsIcESaIcEEE17rmw_qos_profile_tNS_22IntraProcessBufferTypeE
FN:106,_ZN6rclcpp12experimental24SubscriptionIntraProcessIN8std_msgs3msg7String_ISaIvEEES5_St14default_deleteIS6_ES6_E8is_readyEP14rcl_wait_set_t
FN:112,_ZN6rclcpp12experimental24SubscriptionIntraProcessIN8std_msgs3msg7String_ISaIvEEES5_St14default_deleteIS6_ES6_E7executeEv
FN:118,_ZN6rclcpp12experimental24SubscriptionIntraProcessIN15statistics_msgs3msg15MetricsMessage_ISaIvEEES5_St14default_deleteIS6_ES6_E29provide_intra_process_messageESt10shared_ptrIKS6_E
FN:118,_ZN6rclcpp12experimental24SubscriptionIntraProcessIN8std_msgs3msg7String_ISaIvEEES5_St14default_deleteIS6_ES6_E29provide_intra_process_messageESt10shared_ptrIKS6_E
FN:125,_ZN6rclcpp12experimental24SubscriptionIntraProcessIN8std_msgs3msg7String_ISaIvEEES5_St14default_deleteIS6_ES6_E29provide_intra_process_messageESt10unique_ptrIS6_S8_E
FN:125,_ZN6rclcpp12experimental24SubscriptionIntraProcessIN15statistics_msgs3msg15MetricsMessage_ISaIvEEES5_St14default_deleteIS6_ES6_E29provide_intra_process_messageESt10unique_ptrIS6_S8_E
FN:132,_ZNK6rclcpp12experimental24SubscriptionIntraProcessIN8std_msgs3msg7String_ISaIvEEES5_St14default_deleteIS6_ES6_E22use_take_shared_methodEv
FN:139,_ZN6rclcpp12experimental24SubscriptionIntraProcessIN8std_msgs3msg7String_ISaIvEEES5_St14default_deleteIS6_ES6_E23trigger_guard_conditionEv
FN:154,_ZN6rclcpp12experimental24SubscriptionIntraProcessIN8std_msgs3msg7String_ISaIvEEES5_St14default_deleteIS6_ES6_E12execute_implIS6_EENSt9enable_ifIXntsrSt7is_sameIT_21rcutils_uint8_array_tE5valueEvE4typeEv
FNDA:0,_ZN6rclcpp12experimental24SubscriptionIntraProcessIN8std_msgs3msg7String_ISaIvEEES5_St14default_deleteIS6_ES6_E29provide_intra_process_messageESt10unique_ptrIS6_S8_E
FNDA:0,_ZN6rclcpp12experimental24SubscriptionIntraProcessIN8std_msgs3msg7String_ISaIvEEES5_St14default_deleteIS6_ES6_E23trigger_guard_conditionEv
FNDA:0,_ZN6rclcpp12experimental24SubscriptionIntraProcessIN8std_msgs3msg7String_ISaIvEEES5_St14default_deleteIS6_ES6_E7executeEv
FNDA:0,_ZN6rclcpp12experimental24SubscriptionIntraProcessIN8std_msgs3msg7String_ISaIvEEES5_St14default_deleteIS6_ES6_EC2ENS_23AnySubscriptionCallbackIS6_S5_EESt10shared_ptrIS5_ESC_INS_7ContextEERKNSt7__cxx1112basic_stringIcSt11char_traitsIcESaIcEEE17rmw_qos_profile_tNS_22IntraProcessBufferTypeE
FNDA:0,_ZN6rclcpp12experimental24SubscriptionIntraProcessIN8std_msgs3msg7String_ISaIvEEES5_St14default_deleteIS6_ES6_E12execute_implIS6_EENSt9enable_ifIXntsrSt7is_sameIT_21rcutils_uint8_array_tE5valueEvE4typeEv
FNDA:0,_ZNK6rclcpp12experimental24SubscriptionIntraProcessIN8std_msgs3msg7String_ISaIvEEES5_St14default_deleteIS6_ES6_E22use_take_shared_methodEv
FNDA:0,_ZN6rclcpp12experimental24SubscriptionIntraProcessIN8std_msgs3msg7String_ISaIvEEES5_St14default_deleteIS6_ES6_E8is_readyEP14rcl_wait_set_t
FNDA:0,_ZN6rclcpp12experimental24SubscriptionIntraProcessIN8std_msgs3msg7String_ISaIvEEES5_St14default_deleteIS6_ES6_E29provide_intra_process_messageESt10shared_ptrIKS6_E
FNDA:0,_ZN6rclcpp12experimental24SubscriptionIntraProcessIN15statistics_msgs3msg15MetricsMessage_ISaIvEEES5_St14default_deleteIS6_ES6_E29provide_intra_process_messageESt10unique_ptrIS6_S8_E
FNDA:0,_ZN6rclcpp12experimental24SubscriptionIntraProcessIN15statistics_msgs3msg15MetricsMessage_ISaIvEEES5_St14default_deleteIS6_ES6_E29provide_intra_process_messageESt10shared_ptrIKS6_E
FNF:10
FNH:0
DA:61,0
DA:69,0
DA:76,0
DA:83,0
DA:85,0
DA:86,0
DA:89,0
DA:90,0
DA:93,0
DA:101,0
DA:103,0
DA:106,0
DA:109,0
DA:112,0
DA:114,0
DA:115,0
DA:118,0
DA:120,0
DA:121,0
DA:122,0
DA:125,0
DA:127,0
DA:128,0
DA:129,0
DA:132,0
DA:134,0
DA:139,0
DA:141,0
DA:143,0
DA:154,0
DA:157,0
DA:158,0
DA:160,0
DA:161,0
DA:162,0
DA:164,0
DA:165,0
DA:167,0
LF:38
LH:0
end_of_record
TN:
SF:/opt/ros/foxy/include/rclcpp/experimental/subscription_intra_process_base.hpp
FN:42,_ZN6rclcpp12experimental28SubscriptionIntraProcessBaseC2ERKNSt7__cxx1112basic_stringIcSt11char_traitsIcESaIcEEE17rmw_qos_profile_t
FN:46,_ZN6rclcpp12experimental28SubscriptionIntraProcessBaseD2Ev
FN:46,_ZN6rclcpp12experimental28SubscriptionIntraProcessBaseD0Ev
FN:50,_ZN6rclcpp12experimental28SubscriptionIntraProcessBase36get_number_of_ready_guard_conditionsEv
FNDA:0,_ZN6rclcpp12experimental28SubscriptionIntraProcessBaseD0Ev
FNDA:0,_ZN6rclcpp12experimental28SubscriptionIntraProcessBaseC2ERKNSt7__cxx1112basic_stringIcSt11char_traitsIcESaIcEEE17rmw_qos_profile_t
FNDA:0,_ZN6rclcpp12experimental28SubscriptionIntraProcessBase36get_number_of_ready_guard_conditionsEv
FNDA:0,_ZN6rclcpp12experimental28SubscriptionIntraProcessBaseD2Ev
FNF:4
FNH:0
DA:42,0
DA:43,0
DA:44,0
DA:46,0
DA:50,0
LF:5
LH:0
end_of_record
TN:
SF:/opt/ros/foxy/include/rclcpp/logger.hpp
FN:112,_ZNK6rclcpp6Logger8get_nameEv
FNDA:48,_ZNK6rclcpp6Logger8get_nameEv
FNF:1
FNH:1
DA:112,48
DA:114,48
DA:115,0
DA:117,48
LF:4
LH:3
end_of_record
TN:
SF:/opt/ros/foxy/include/rclcpp/message_memory_strategy.hpp
FN:67,_ZN6rclcpp23message_memory_strategy21MessageMemoryStrategyIN8std_msgs3msg7String_ISaIvEEES5_EC2ESt10shared_ptrIS5_E
FN:75,_ZN6rclcpp23message_memory_strategy21MessageMemoryStrategyIN8std_msgs3msg7String_ISaIvEEES5_ED0Ev
FN:75,_ZN6rclcpp23message_memory_strategy21MessageMemoryStrategyIN8std_msgs3msg7String_ISaIvEEES5_ED2Ev
FN:78,_ZN6rclcpp23message_memory_strategy21MessageMemoryStrategyIN8std_msgs3msg7String_ISaIvEEES5_E14create_defaultEv
FN:85,_ZN6rclcpp23message_memory_strategy21MessageMemoryStrategyIN8std_msgs3msg7String_ISaIvEEES5_E14borrow_messageEv
FN:90,_ZN6rclcpp23message_memory_strategy21MessageMemoryStrategyIN8std_msgs3msg7String_ISaIvEEES5_E25borrow_serialized_messageEm
FN:95,_ZN6rclcpp23message_memory_strategy21MessageMemoryStrategyIN8std_msgs3msg7String_ISaIvEEES5_E25borrow_serialized_messageEv
FN:100,_ZN6rclcpp23message_memory_strategy21MessageMemoryStrategyIN8std_msgs3msg7String_ISaIvEEES5_E27set_default_buffer_capacityEm
FN:107,_ZN6rclcpp23message_memory_strategy21MessageMemoryStrategyIN8std_msgs3msg7String_ISaIvEEES5_E14return_messageERSt10shared_ptrIS6_E
FN:112,_ZN6rclcpp23message_memory_strategy21MessageMemoryStrategyIN8std_msgs3msg7String_ISaIvEEES5_E25return_serialized_messageERSt10shared_ptrINS_17SerializedMessageEE
FNDA:0,_ZN6rclcpp23message_memory_strategy21MessageMemoryStrategyIN8std_msgs3msg7String_ISaIvEEES5_E25borrow_serialized_messageEm
FNDA:1,_ZN6rclcpp23message_memory_strategy21MessageMemoryStrategyIN8std_msgs3msg7String_ISaIvEEES5_E14create_defaultEv
FNDA:1,_ZN6rclcpp23message_memory_strategy21MessageMemoryStrategyIN8std_msgs3msg7String_ISaIvEEES5_ED2Ev
FNDA:9,_ZN6rclcpp23message_memory_strategy21MessageMemoryStrategyIN8std_msgs3msg7String_ISaIvEEES5_E14borrow_messageEv
FNDA:9,_ZN6rclcpp23message_memory_strategy21MessageMemoryStrategyIN8std_msgs3msg7String_ISaIvEEES5_E14return_messageERSt10shared_ptrIS6_E
FNDA:1,_ZN6rclcpp23message_memory_strategy21MessageMemoryStrategyIN8std_msgs3msg7String_ISaIvEEES5_EC2ESt10shared_ptrIS5_E
FNDA:0,_ZN6rclcpp23message_memory_strategy21MessageMemoryStrategyIN8std_msgs3msg7String_ISaIvEEES5_E25borrow_serialized_messageEv
FNDA:0,_ZN6rclcpp23message_memory_strategy21MessageMemoryStrategyIN8std_msgs3msg7String_ISaIvEEES5_E27set_default_buffer_capacityEm
FNDA:0,_ZN6rclcpp23message_memory_strategy21MessageMemoryStrategyIN8std_msgs3msg7String_ISaIvEEES5_E25return_serialized_messageERSt10shared_ptrINS_17SerializedMessageEE
FNDA:0,_ZN6rclcpp23message_memory_strategy21MessageMemoryStrategyIN8std_msgs3msg7String_ISaIvEEES5_ED0Ev
FNF:10
FNH:5
DA:67,1
DA:68,1
DA:69,1
DA:70,1
DA:71,1
DA:72,1
DA:73,1
DA:75,1
DA:78,1
DA:80,1
DA:85,9
DA:87,9
DA:90,0
DA:92,0
DA:95,0
DA:97,0
DA:100,0
DA:102,0
DA:103,0
DA:107,9
DA:109,9
DA:110,9
DA:112,0
DA:115,0
DA:116,0
LF:25
LH:15
end_of_record
TN:
SF:/opt/ros/foxy/include/rclcpp/node_impl.hpp
FN:60,_ZN6rclcpp30extend_name_with_sub_namespaceERKNSt7__cxx1112basic_stringIcSt11char_traitsIcESaIcEEES7_
FN:71,_ZN6rclcpp4Node16create_publisherIN8std_msgs3msg7String_ISaIvEEES5_NS_9PublisherIS6_S5_EEEESt10shared_ptrIT1_ERKNSt7__cxx1112basic_stringIcSt11char_traitsIcESaIcEEERKNS_3QoSERKNS_29PublisherOptionsWithAllocatorIT0_EE
FN:91,_ZN6rclcpp4Node19create_subscriptionIN8std_msgs3msg7String_ISaIvEEESt5_BindIFM17MinimalSubscriberKFvSt10shared_ptrIS6_EEPS8_St12_PlaceholderILi1EEEES5_S6_NS_12SubscriptionIS6_S5_NS_23message_memory_strategy21MessageMemoryStrategyIS6_S5_EEEESL_EES9_IT3_ERKNSt7__cxx1112basic_stringIcSt11char_traitsIcESaIcEEERKNS_3QoSEOT0_RKNS_32SubscriptionOptionsWithAllocatorIT1_EENT4_9SharedPtrE
FN:109,_ZN6rclcpp4Node17create_wall_timerIlSt5ratioILl1ELl1000EESt5_BindIFM16MinimalPublisherFvvEPS5_EEEENS_9WallTimerIT1_XLDn0EEE9SharedPtrENSt6chrono8durationIT_T0_EESC_St10shared_ptrINS_13CallbackGroupEE
FNDA:1,_ZN6rclcpp4Node16create_publisherIN8std_msgs3msg7String_ISaIvEEES5_NS_9PublisherIS6_S5_EEEESt10shared_ptrIT1_ERKNSt7__cxx1112basic_stringIcSt11char_traitsIcESaIcEEERKNS_3QoSERKNS_29PublisherOptionsWithAllocatorIT0_EE
FNDA:1,_ZN6rclcpp4Node17create_wall_timerIlSt5ratioILl1ELl1000EESt5_BindIFM16MinimalPublisherFvvEPS5_EEEENS_9WallTimerIT1_XLDn0EEE9SharedPtrENSt6chrono8durationIT_T0_EESC_St10shared_ptrINS_13CallbackGroupEE
FNDA:2,_ZN6rclcpp30extend_name_with_sub_namespaceERKNSt7__cxx1112basic_stringIcSt11char_traitsIcESaIcEEES7_
FNDA:1,_ZN6rclcpp4Node19create_subscriptionIN8std_msgs3msg7String_ISaIvEEESt5_BindIFM17MinimalSubscriberKFvSt10shared_ptrIS6_EEPS8_St12_PlaceholderILi1EEEES5_S6_NS_12SubscriptionIS6_S5_NS_23message_memory_strategy21MessageMemoryStrategyIS6_S5_EEEESL_EES9_IT3_ERKNSt7__cxx1112basic_stringIcSt11char_traitsIcESaIcEEERKNS_3QoSEOT0_RKNS_32SubscriptionOptionsWithAllocatorIT1_EENT4_9SharedPtrE
FNF:4
FNH:4
DA:60,2
DA:62,2
DA:63,2
DA:64,0
DA:66,2
DA:71,1
DA:80,1
DA:91,1
DA:104,1
DA:109,1
DA:116,1
DA:119,2
LF:12
LH:11
end_of_record
TN:
SF:/opt/ros/foxy/include/rclcpp/node_interfaces/get_node_topics_interface.hpp
FN:53,_ZN6rclcpp15node_interfaces6detail38get_node_topics_interface_from_pointerIPNS_4NodeELi0EEESt10shared_ptrINS0_19NodeTopicsInterfaceEET_
FN:87,_ZN6rclcpp15node_interfaces25get_node_topics_interfaceIRNS_4NodeELi0EEESt10shared_ptrINS0_19NodeTopicsInterfaceEEOT_
FNDA:2,_ZN6rclcpp15node_interfaces25get_node_topics_interfaceIRNS_4NodeELi0EEESt10shared_ptrINS0_19NodeTopicsInterfaceEEOT_
FNDA:2,_ZN6rclcpp15node_interfaces6detail38get_node_topics_interface_from_pointerIPNS_4NodeELi0EEESt10shared_ptrINS0_19NodeTopicsInterfaceEET_
FNF:2
FNH:2
DA:53,2
DA:55,2
DA:56,0
DA:58,2
DA:87,2
DA:90,2
LF:6
LH:5
end_of_record
TN:
SF:/opt/ros/foxy/include/rclcpp/node_options.hpp
FN:64,_ZN6rclcpp11NodeOptionsD2Ev
FN:64,_ZN6rclcpp11NodeOptionsD0Ev
FNDA:2,_ZN6rclcpp11NodeOptionsD2Ev
FNDA:0,_ZN6rclcpp11NodeOptionsD0Ev
FNF:2
FNH:1
DA:64,2
LF:1
LH:1
end_of_record
TN:
SF:/opt/ros/foxy/include/rclcpp/publisher.hpp
FN:73,_ZN6rclcpp9PublisherIN8std_msgs3msg7String_ISaIvEEES4_EC2EPNS_15node_interfaces17NodeBaseInterfaceERKNSt7__cxx1112basic_stringIcSt11char_traitsIcESaIcEEERKNS_3QoSERKNS_29PublisherOptionsWithAllocatorIS4_EE
FN:73,_ZN6rclcpp9PublisherIN15statistics_msgs3msg15MetricsMessage_ISaIvEEES4_EC2EPNS_15node_interfaces17NodeBaseInterfaceERKNSt7__cxx1112basic_stringIcSt11char_traitsIcESaIcEEERKNS_3QoSERKNS_29PublisherOptionsWithAllocatorIS4_EE
FN:106,_ZZN6rclcpp9PublisherIN15statistics_msgs3msg15MetricsMessage_ISaIvEEES4_EC4EPNS_15node_interfaces17NodeBaseInterfaceERKNSt7__cxx1112basic_stringIcSt11char_traitsIcESaIcEEERKNS_3QoSERKNS_29PublisherOptionsWithAllocatorIS4_EEENKUlR35rmw_qos_incompatible_event_status_tE_clESQ_
FN:106,_ZZN6rclcpp9PublisherIN8std_msgs3msg7String_ISaIvEEES4_EC4EPNS_15node_interfaces17NodeBaseInterfaceERKNSt7__cxx1112basic_stringIcSt11char_traitsIcESaIcEEERKNS_3QoSERKNS_29PublisherOptionsWithAllocatorIS4_EEENKUlR35rmw_qos_incompatible_event_status_tE_clESQ_
FN:120,_ZN6rclcpp9PublisherIN15statistics_msgs3msg15MetricsMessage_ISaIvEEES4_E15post_init_setupEPNS_15node_interfaces17NodeBaseInterfaceERKNSt7__cxx1112basic_stringIcSt11char_traitsIcESaIcEEERKNS_3QoSERKNS_29PublisherOptionsWithAllocatorIS4_EE
FN:120,_ZN6rclcpp9PublisherIN8std_msgs3msg7String_ISaIvEEES4_E15post_init_setupEPNS_15node_interfaces17NodeBaseInterfaceERKNSt7__cxx1112basic_stringIcSt11char_traitsIcESaIcEEERKNS_3QoSERKNS_29PublisherOptionsWithAllocatorIS4_EE
FN:155,_ZN6rclcpp9PublisherIN8std_msgs3msg7String_ISaIvEEES4_ED2Ev
FN:155,_ZN6rclcpp9PublisherIN15statistics_msgs3msg15MetricsMessage_ISaIvEEES4_ED2Ev
FN:155,_ZN6rclcpp9PublisherIN8std_msgs3msg7String_ISaIvEEES4_ED0Ev
FN:155,_ZN6rclcpp9PublisherIN15statistics_msgs3msg15MetricsMessage_ISaIvEEES4_ED0Ev
FN:185,_ZN6rclcpp9PublisherIN8std_msgs3msg7String_ISaIvEEES4_E7publishESt10unique_ptrIS5_St14default_deleteIS5_EE
FN:185,_ZN6rclcpp9PublisherIN15statistics_msgs3msg15MetricsMessage_ISaIvEEES4_E7publishESt10unique_ptrIS5_St14default_deleteIS5_EE
FN:209,_ZN6rclcpp9PublisherIN15statistics_msgs3msg15MetricsMessage_ISaIvEEES4_E7publishERKS5_
FN:209,_ZN6rclcpp9PublisherIN8std_msgs3msg7String_ISaIvEEES4_E7publishERKS5_
FN:280,_ZN6rclcpp9PublisherIN8std_msgs3msg7String_ISaIvEEES4_E24do_inter_process_publishERKS5_
FN:280,_ZN6rclcpp9PublisherIN15statistics_msgs3msg15MetricsMessage_ISaIvEEES4_E24do_inter_process_publishERKS5_
FN:333,_ZN6rclcpp9PublisherIN8std_msgs3msg7String_ISaIvEEES4_E24do_intra_process_publishESt10unique_ptrIS5_St14default_deleteIS5_EE
FN:333,_ZN6rclcpp9PublisherIN15statistics_msgs3msg15MetricsMessage_ISaIvEEES4_E24do_intra_process_publishESt10unique_ptrIS5_St14default_deleteIS5_EE
FN:351,_ZN6rclcpp9PublisherIN8std_msgs3msg7String_ISaIvEEES4_E42do_intra_process_publish_and_return_sharedESt10unique_ptrIS5_St14default_deleteIS5_EE
FN:351,_ZN6rclcpp9PublisherIN15statistics_msgs3msg15MetricsMessage_ISaIvEEES4_E42do_intra_process_publish_and_return_sharedESt10unique_ptrIS5_St14default_deleteIS5_EE
FNDA:1,_ZN6rclcpp9PublisherIN8std_msgs3msg7String_ISaIvEEES4_ED2Ev
FNDA:1,_ZN6rclcpp9PublisherIN8std_msgs3msg7String_ISaIvEEES4_EC2EPNS_15node_interfaces17NodeBaseInterfaceERKNSt7__cxx1112basic_stringIcSt11char_traitsIcESaIcEEERKNS_3QoSERKNS_29PublisherOptionsWithAllocatorIS4_EE
FNDA:0,_ZN6rclcpp9PublisherIN15statistics_msgs3msg15MetricsMessage_ISaIvEEES4_E42do_intra_process_publish_and_return_sharedESt10unique_ptrIS5_St14default_deleteIS5_EE
FNDA:0,_ZN6rclcpp9PublisherIN15statistics_msgs3msg15MetricsMessage_ISaIvEEES4_ED2Ev
FNDA:0,_ZN6rclcpp9PublisherIN15statistics_msgs3msg15MetricsMessage_ISaIvEEES4_E24do_inter_process_publishERKS5_
FNDA:0,_ZN6rclcpp9PublisherIN15statistics_msgs3msg15MetricsMessage_ISaIvEEES4_E15post_init_setupEPNS_15node_interfaces17NodeBaseInterfaceERKNSt7__cxx1112basic_stringIcSt11char_traitsIcESaIcEEERKNS_3QoSERKNS_29PublisherOptionsWithAllocatorIS4_EE
FNDA:0,_ZN6rclcpp9PublisherIN8std_msgs3msg7String_ISaIvEEES4_E24do_intra_process_publishESt10unique_ptrIS5_St14default_deleteIS5_EE
FNDA:0,_ZN6rclcpp9PublisherIN15statistics_msgs3msg15MetricsMessage_ISaIvEEES4_E7publishERKS5_
FNDA:15,_ZN6rclcpp9PublisherIN8std_msgs3msg7String_ISaIvEEES4_E24do_inter_process_publishERKS5_
FNDA:0,_ZN6rclcpp9PublisherIN8std_msgs3msg7String_ISaIvEEES4_E7publishESt10unique_ptrIS5_St14default_deleteIS5_EE
FNDA:0,_ZN6rclcpp9PublisherIN15statistics_msgs3msg15MetricsMessage_ISaIvEEES4_E7publishESt10unique_ptrIS5_St14default_deleteIS5_EE
FNDA:0,_ZN6rclcpp9PublisherIN8std_msgs3msg7String_ISaIvEEES4_E42do_intra_process_publish_and_return_sharedESt10unique_ptrIS5_St14default_deleteIS5_EE
FNDA:0,_ZN6rclcpp9PublisherIN8std_msgs3msg7String_ISaIvEEES4_ED0Ev
FNDA:0,_ZN6rclcpp9PublisherIN15statistics_msgs3msg15MetricsMessage_ISaIvEEES4_EC2EPNS_15node_interfaces17NodeBaseInterfaceERKNSt7__cxx1112basic_stringIcSt11char_traitsIcESaIcEEERKNS_3QoSERKNS_29PublisherOptionsWithAllocatorIS4_EE
FNDA:0,_ZN6rclcpp9PublisherIN15statistics_msgs3msg15MetricsMessage_ISaIvEEES4_E24do_intra_process_publishESt10unique_ptrIS5_St14default_deleteIS5_EE
FNDA:0,_ZN6rclcpp9PublisherIN15statistics_msgs3msg15MetricsMessage_ISaIvEEES4_ED0Ev
FNDA:1,_ZN6rclcpp9PublisherIN8std_msgs3msg7String_ISaIvEEES4_E15post_init_setupEPNS_15node_interfaces17NodeBaseInterfaceERKNSt7__cxx1112basic_stringIcSt11char_traitsIcESaIcEEERKNS_3QoSERKNS_29PublisherOptionsWithAllocatorIS4_EE
FNDA:15,_ZN6rclcpp9PublisherIN8std_msgs3msg7String_ISaIvEEES4_E7publishERKS5_
FNDA:0,_ZZN6rclcpp9PublisherIN15statistics_msgs3msg15MetricsMessage_ISaIvEEES4_EC4EPNS_15node_interfaces17NodeBaseInterfaceERKNSt7__cxx1112basic_stringIcSt11char_traitsIcESaIcEEERKNS_3QoSERKNS_29PublisherOptionsWithAllocatorIS4_EEENKUlR35rmw_qos_incompatible_event_status_tE_clESQ_
FNDA:0,_ZZN6rclcpp9PublisherIN8std_msgs3msg7String_ISaIvEEES4_EC4EPNS_15node_interfaces17NodeBaseInterfaceERKNSt7__cxx1112basic_stringIcSt11char_traitsIcESaIcEEERKNS_3QoSERKNS_29PublisherOptionsWithAllocatorIS4_EEENKUlR35rmw_qos_incompatible_event_status_tE_clESQ_
FNF:20
FNH:5
DA:73,1
DA:81,1
DA:84,2
DA:86,1
DA:88,1
DA:89,0
DA:90,0
DA:93,1
DA:94,0
DA:95,0
DA:98,1
DA:99,0
DA:100,0
DA:102,1
DA:105,1
DA:106,0
DA:107,0
DA:110,1
DA:115,1
DA:120,1
DA:131,1
DA:132,0
DA:134,0
DA:136,0
DA:138,0
DA:140,0
DA:142,0
DA:144,0
DA:146,0
DA:148,0
DA:149,0
DA:153,1
DA:155,1
DA:156,1
DA:185,0
DA:187,0
DA:188,0
DA:189,0
DA:197,0
DA:198,0
DA:200,0
DA:201,0
DA:202,0
DA:204,0
DA:209,15
DA:212,15
DA:214,15
DA:219,0
DA:220,0
DA:221,0
DA:222,0
DA:280,15
DA:282,15
DA:284,15
DA:285,0
DA:286,0
DA:287,0
DA:288,0
DA:290,0
DA:294,15
DA:295,0
DA:333,0
DA:335,0
DA:336,0
DA:338,0
DA:340,0
DA:341,0
DA:344,0
DA:346,0
DA:347,0
DA:348,0
DA:351,0
DA:353,0
DA:354,0
DA:356,0
DA:358,0
DA:359,0
DA:364,0
DA:365,0
LF:79
LH:23
end_of_record
TN:
SF:/opt/ros/foxy/include/rclcpp/publisher_base.hpp
FN:199,_ZN6rclcpp13PublisherBase17add_event_handlerISt8functionIFvR36rmw_offered_deadline_missed_status_tEEEEvRKT_26rcl_publisher_event_type_t
FN:199,_ZN6rclcpp13PublisherBase17add_event_handlerIZNS_9PublisherIN15statistics_msgs3msg15MetricsMessage_ISaIvEEES6_EC4EPNS_15node_interfaces17NodeBaseInterfaceERKNSt7__cxx1112basic_stringIcSt11char_traitsIcESaIcEEERKNS_3QoSERKNS_29PublisherOptionsWithAllocatorIS6_EEEUlR35rmw_qos_incompatible_event_status_tE_EEvRKT_26rcl_publisher_event_type_t
FN:199,_ZN6rclcpp13PublisherBase17add_event_handlerISt8functionIFvR35rmw_qos_incompatible_event_status_tEEEEvRKT_26rcl_publisher_event_type_t
FN:199,_ZN6rclcpp13PublisherBase17add_event_handlerIZNS_9PublisherIN8std_msgs3msg7String_ISaIvEEES6_EC4EPNS_15node_interfaces17NodeBaseInterfaceERKNSt7__cxx1112basic_stringIcSt11char_traitsIcESaIcEEERKNS_3QoSERKNS_29PublisherOptionsWithAllocatorIS6_EEEUlR35rmw_qos_incompatible_event_status_tE_EEvRKT_26rcl_publisher_event_type_t
FN:199,_ZN6rclcpp13PublisherBase17add_event_handlerISt8functionIFvR28rmw_liveliness_lost_status_tEEEEvRKT_26rcl_publisher_event_type_t
FNDA:0,_ZN6rclcpp13PublisherBase17add_event_handlerISt8functionIFvR28rmw_liveliness_lost_status_tEEEEvRKT_26rcl_publisher_event_type_t
FNDA:1,_ZN6rclcpp13PublisherBase17add_event_handlerIZNS_9PublisherIN8std_msgs3msg7String_ISaIvEEES6_EC4EPNS_15node_interfaces17NodeBaseInterfaceERKNSt7__cxx1112basic_stringIcSt11char_traitsIcESaIcEEERKNS_3QoSERKNS_29PublisherOptionsWithAllocatorIS6_EEEUlR35rmw_qos_incompatible_event_status_tE_EEvRKT_26rcl_publisher_event_type_t
FNDA:0,_ZN6rclcpp13PublisherBase17add_event_handlerISt8functionIFvR36rmw_offered_deadline_missed_status_tEEEEvRKT_26rcl_publisher_event_type_t
FNDA:0,_ZN6rclcpp13PublisherBase17add_event_handlerIZNS_9PublisherIN15statistics_msgs3msg15MetricsMessage_ISaIvEEES6_EC4EPNS_15node_interfaces17NodeBaseInterfaceERKNSt7__cxx1112basic_stringIcSt11char_traitsIcESaIcEEERKNS_3QoSERKNS_29PublisherOptionsWithAllocatorIS6_EEEUlR35rmw_qos_incompatible_event_status_tE_EEvRKT_26rcl_publisher_event_type_t
FNDA:0,_ZN6rclcpp13PublisherBase17add_event_handlerISt8functionIFvR35rmw_qos_incompatible_event_status_tEEEEvRKT_26rcl_publisher_event_type_t
FNF:5
FNH:1
DA:199,1
DA:203,0
DA:207,1
DA:209,0
DA:210,0
LF:5
LH:2
end_of_record
TN:
SF:/opt/ros/foxy/include/rclcpp/publisher_factory.hpp
FN:66,_ZN6rclcpp24create_publisher_factoryIN8std_msgs3msg7String_ISaIvEEES4_NS_9PublisherIS5_S4_EEEENS_16PublisherFactoryERKNS_29PublisherOptionsWithAllocatorIT0_EE
FN:66,_ZN6rclcpp24create_publisher_factoryIN15statistics_msgs3msg15MetricsMessage_ISaIvEEES4_NS_9PublisherIS5_S4_EEEENS_16PublisherFactoryERKNS_29PublisherOptionsWithAllocatorIT0_EE
FN:70,_ZZN6rclcpp24create_publisher_factoryIN8std_msgs3msg7String_ISaIvEEES4_NS_9PublisherIS5_S4_EEEENS_16PublisherFactoryERKNS_29PublisherOptionsWithAllocatorIT0_EEENKUlPNS_15node_interfaces17NodeBaseInterfaceERKNSt7__cxx1112basic_stringIcSt11char_traitsIcESaIcEEERKNS_3QoSEE_clESG_SO_SR_
FN:70,_ZZN6rclcpp24create_publisher_factoryIN15statistics_msgs3msg15MetricsMessage_ISaIvEEES4_NS_9PublisherIS5_S4_EEEENS_16PublisherFactoryERKNS_29PublisherOptionsWithAllocatorIT0_EEENKUlPNS_15node_interfaces17NodeBaseInterfaceERKNSt7__cxx1112basic_stringIcSt11char_traitsIcESaIcEEERKNS_3QoSEE_clESG_SO_SR_
FNDA:0,_ZN6rclcpp24create_publisher_factoryIN15statistics_msgs3msg15MetricsMessage_ISaIvEEES4_NS_9PublisherIS5_S4_EEEENS_16PublisherFactoryERKNS_29PublisherOptionsWithAllocatorIT0_EE
FNDA:0,_ZZN6rclcpp24create_publisher_factoryIN15statistics_msgs3msg15MetricsMessage_ISaIvEEES4_NS_9PublisherIS5_S4_EEEENS_16PublisherFactoryERKNS_29PublisherOptionsWithAllocatorIT0_EEENKUlPNS_15node_interfaces17NodeBaseInterfaceERKNSt7__cxx1112basic_stringIcSt11char_traitsIcESaIcEEERKNS_3QoSEE_clESG_SO_SR_
FNDA:1,_ZN6rclcpp24create_publisher_factoryIN8std_msgs3msg7String_ISaIvEEES4_NS_9PublisherIS5_S4_EEEENS_16PublisherFactoryERKNS_29PublisherOptionsWithAllocatorIT0_EE
FNDA:1,_ZZN6rclcpp24create_publisher_factoryIN8std_msgs3msg7String_ISaIvEEES4_NS_9PublisherIS5_S4_EEEENS_16PublisherFactoryERKNS_29PublisherOptionsWithAllocatorIT0_EEENKUlPNS_15node_interfaces17NodeBaseInterfaceERKNSt7__cxx1112basic_stringIcSt11char_traitsIcESaIcEEERKNS_3QoSEE_clESG_SO_SR_
FNF:4
FNH:2
DA:66,1
DA:68,1
DA:70,1
DA:76,2
DA:80,1
DA:81,2
DA:86,1
LF:7
LH:7
end_of_record
TN:
SF:/opt/ros/foxy/include/rclcpp/publisher_options.hpp
FN:62,_ZN6rclcpp29PublisherOptionsWithAllocatorISaIvEEC2Ev
FN:72,_ZNK6rclcpp29PublisherOptionsWithAllocatorISaIvEE24to_rcl_publisher_optionsIN15statistics_msgs3msg15MetricsMessage_IS1_EEEE23rcl_publisher_options_tRKNS_3QoSE
FN:72,_ZNK6rclcpp29PublisherOptionsWithAllocatorISaIvEE24to_rcl_publisher_optionsIN8std_msgs3msg7String_IS1_EEEE23rcl_publisher_options_tRKNS_3QoSE
FN:89,_ZNK6rclcpp29PublisherOptionsWithAllocatorISaIvEE13get_allocatorEv
FN:102,_ZNK6rclcpp29PublisherOptionsWithAllocatorISaIvEE17get_rcl_allocatorEv
FNDA:2,_ZNK6rclcpp29PublisherOptionsWithAllocatorISaIvEE13get_allocatorEv
FNDA:0,_ZNK6rclcpp29PublisherOptionsWithAllocatorISaIvEE24to_rcl_publisher_optionsIN15statistics_msgs3msg15MetricsMessage_IS1_EEEE23rcl_publisher_options_tRKNS_3QoSE
FNDA:1,_ZNK6rclcpp29PublisherOptionsWithAllocatorISaIvEE24to_rcl_publisher_optionsIN8std_msgs3msg7String_IS1_EEEE23rcl_publisher_options_tRKNS_3QoSE
FNDA:1,_ZN6rclcpp29PublisherOptionsWithAllocatorISaIvEEC2Ev
FNDA:1,_ZNK6rclcpp29PublisherOptionsWithAllocatorISaIvEE17get_rcl_allocatorEv
FNF:5
FNH:4
DA:62,1
DA:72,1
DA:74,1
DA:75,1
DA:76,1
DA:79,1
DA:80,0
DA:83,1
DA:89,2
DA:91,2
DA:92,2
DA:94,0
DA:102,1
DA:104,1
DA:105,1
DA:106,2
DA:108,1
LF:17
LH:15
end_of_record
TN:
SF:/opt/ros/foxy/include/rclcpp/qos_event.hpp
FN:110,_ZN6rclcpp15QOSEventHandlerIZNS_9PublisherIN8std_msgs3msg7String_ISaIvEEES5_EC4EPNS_15node_interfaces17NodeBaseInterfaceERKNSt7__cxx1112basic_stringIcSt11char_traitsIcESaIcEEERKNS_3QoSERKNS_29PublisherOptionsWithAllocatorIS5_EEEUlR35rmw_qos_incompatible_event_status_tE_St10shared_ptrI15rcl_publisher_tEEC2IPFiP11rcl_event_tPKSU_26rcl_publisher_event_type_tES12_EERKSS_T_SV_T0_
FN:110,_ZN6rclcpp15QOSEventHandlerIZNS_9PublisherIN15statistics_msgs3msg15MetricsMessage_ISaIvEEES5_EC4EPNS_15node_interfaces17NodeBaseInterfaceERKNSt7__cxx1112basic_stringIcSt11char_traitsIcESaIcEEERKNS_3QoSERKNS_29PublisherOptionsWithAllocatorIS5_EEEUlR35rmw_qos_incompatible_event_status_tE_St10shared_ptrI15rcl_publisher_tEEC2IPFiP11rcl_event_tPKSU_26rcl_publisher_event_type_tES12_EERKSS_T_SV_T0_
FN:110,_ZN6rclcpp15QOSEventHandlerISt8functionIFvR35rmw_qos_incompatible_event_status_tEESt10shared_ptrI15rcl_publisher_tEEC2IPFiP11rcl_event_tPKS7_26rcl_publisher_event_type_tESF_EERKS5_T_S8_T0_
FN:110,_ZN6rclcpp15QOSEventHandlerISt8functionIFvR36rmw_offered_deadline_missed_status_tEESt10shared_ptrI15rcl_publisher_tEEC2IPFiP11rcl_event_tPKS7_26rcl_publisher_event_type_tESF_EERKS5_T_S8_T0_
FN:110,_ZN6rclcpp15QOSEventHandlerISt8functionIFvR35rmw_qos_incompatible_event_status_tEESt10shared_ptrI18rcl_subscription_tEEC2IPFiP11rcl_event_tPKS7_29rcl_subscription_event_type_tESF_EERKS5_T_S8_T0_
FN:110,_ZN6rclcpp15QOSEventHandlerISt8functionIFvR28rmw_liveliness_lost_status_tEESt10shared_ptrI15rcl_publisher_tEEC2IPFiP11rcl_event_tPKS7_26rcl_publisher_event_type_tESF_EERKS5_T_S8_T0_
FN:110,_ZN6rclcpp15QOSEventHandlerISt8functionIFvR38rmw_requested_deadline_missed_status_tEESt10shared_ptrI18rcl_subscription_tEEC2IPFiP11rcl_event_tPKS7_29rcl_subscription_event_type_tESF_EERKS5_T_S8_T0_
FN:110,_ZN6rclcpp15QOSEventHandlerIZNS_12SubscriptionIN8std_msgs3msg7String_ISaIvEEES5_NS_23message_memory_strategy21MessageMemoryStrategyIS6_S5_EEEC4EPNS_15node_interfaces17NodeBaseInterfaceERK29rosidl_message_type_support_tRKNSt7__cxx1112basic_stringIcSt11char_traitsIcESaIcEEERKNS_3QoSENS_23AnySubscriptionCallbackIS6_S5_EERKNS_32SubscriptionOptionsWithAllocatorIS5_EESt10shared_ptrIS9_ESY_INS_16topic_statistics27SubscriptionTopicStatisticsIS6_EEEEUlR35rmw_qos_incompatible_event_status_tE_SY_I18rcl_subscription_tEEC2IPFiP11rcl_event_tPKS17_29rcl_subscription_event_type_tES1F_EERKS16_T_S18_T0_
FN:110,_ZN6rclcpp15QOSEventHandlerISt8functionIFvR31rmw_liveliness_changed_status_tEESt10shared_ptrI18rcl_subscription_tEEC2IPFiP11rcl_event_tPKS7_29rcl_subscription_event_type_tESF_EERKS5_T_S8_T0_
FN:133,_ZN6rclcpp15QOSEventHandlerISt8functionIFvR35rmw_qos_incompatible_event_status_tEESt10shared_ptrI18rcl_subscription_tEE7executeEv
FN:133,_ZN6rclcpp15QOSEventHandlerISt8functionIFvR38rmw_requested_deadline_missed_status_tEESt10shared_ptrI18rcl_subscription_tEE7executeEv
FN:133,_ZN6rclcpp15QOSEventHandlerIZNS_9PublisherIN15statistics_msgs3msg15MetricsMessage_ISaIvEEES5_EC4EPNS_15node_interfaces17NodeBaseInterfaceERKNSt7__cxx1112basic_stringIcSt11char_traitsIcESaIcEEERKNS_3QoSERKNS_29PublisherOptionsWithAllocatorIS5_EEEUlR35rmw_qos_incompatible_event_status_tE_St10shared_ptrI15rcl_publisher_tEE7executeEv
FN:133,_ZN6rclcpp15QOSEventHandlerIZNS_12SubscriptionIN8std_msgs3msg7String_ISaIvEEES5_NS_23message_memory_strategy21MessageMemoryStrategyIS6_S5_EEEC4EPNS_15node_interfaces17NodeBaseInterfaceERK29rosidl_message_type_support_tRKNSt7__cxx1112basic_stringIcSt11char_traitsIcESaIcEEERKNS_3QoSENS_23AnySubscriptionCallbackIS6_S5_EERKNS_32SubscriptionOptionsWithAllocatorIS5_EESt10shared_ptrIS9_ESY_INS_16topic_statistics27SubscriptionTopicStatisticsIS6_EEEEUlR35rmw_qos_incompatible_event_status_tE_SY_I18rcl_subscription_tEE7executeEv
FN:133,_ZN6rclcpp15QOSEventHandlerIZNS_9PublisherIN8std_msgs3msg7String_ISaIvEEES5_EC4EPNS_15node_interfaces17NodeBaseInterfaceERKNSt7__cxx1112basic_stringIcSt11char_traitsIcESaIcEEERKNS_3QoSERKNS_29PublisherOptionsWithAllocatorIS5_EEEUlR35rmw_qos_incompatible_event_status_tE_St10shared_ptrI15rcl_publisher_tEE7executeEv
FN:133,_ZN6rclcpp15QOSEventHandlerISt8functionIFvR36rmw_offered_deadline_missed_status_tEESt10shared_ptrI15rcl_publisher_tEE7executeEv
FN:133,_ZN6rclcpp15QOSEventHandlerISt8functionIFvR28rmw_liveliness_lost_status_tEESt10shared_ptrI15rcl_publisher_tEE7executeEv
FN:133,_ZN6rclcpp15QOSEventHandlerISt8functionIFvR31rmw_liveliness_changed_status_tEESt10shared_ptrI18rcl_subscription_tEE7executeEv
FN:133,_ZN6rclcpp15QOSEventHandlerISt8functionIFvR35rmw_qos_incompatible_event_status_tEESt10shared_ptrI15rcl_publisher_tEE7executeEv
FNDA:0,_ZN6rclcpp15QOSEventHandlerISt8functionIFvR36rmw_offered_deadline_missed_status_tEESt10shared_ptrI15rcl_publisher_tEE7executeEv
FNDA:0,_ZN6rclcpp15QOSEventHandlerISt8functionIFvR28rmw_liveliness_lost_status_tEESt10shared_ptrI15rcl_publisher_tEE7executeEv
FNDA:0,_ZN6rclcpp15QOSEventHandlerISt8functionIFvR31rmw_liveliness_changed_status_tEESt10shared_ptrI18rcl_subscription_tEE7executeEv
FNDA:1,_ZN6rclcpp15QOSEventHandlerIZNS_12SubscriptionIN8std_msgs3msg7String_ISaIvEEES5_NS_23message_memory_strategy21MessageMemoryStrategyIS6_S5_EEEC4EPNS_15node_interfaces17NodeBaseInterfaceERK29rosidl_message_type_support_tRKNSt7__cxx1112basic_stringIcSt11char_traitsIcESaIcEEERKNS_3QoSENS_23AnySubscriptionCallbackIS6_S5_EERKNS_32SubscriptionOptionsWithAllocatorIS5_EESt10shared_ptrIS9_ESY_INS_16topic_statistics27SubscriptionTopicStatisticsIS6_EEEEUlR35rmw_qos_incompatible_event_status_tE_SY_I18rcl_subscription_tEEC2IPFiP11rcl_event_tPKS17_29rcl_subscription_event_type_tES1F_EERKS16_T_S18_T0_
FNDA:0,_ZN6rclcpp15QOSEventHandlerISt8functionIFvR35rmw_qos_incompatible_event_status_tEESt10shared_ptrI15rcl_publisher_tEE7executeEv
FNDA:0,_ZN6rclcpp15QOSEventHandlerISt8functionIFvR31rmw_liveliness_changed_status_tEESt10shared_ptrI18rcl_subscription_tEEC2IPFiP11rcl_event_tPKS7_29rcl_subscription_event_type_tESF_EERKS5_T_S8_T0_
FNDA:0,_ZN6rclcpp15QOSEventHandlerIZNS_12SubscriptionIN8std_msgs3msg7String_ISaIvEEES5_NS_23message_memory_strategy21MessageMemoryStrategyIS6_S5_EEEC4EPNS_15node_interfaces17NodeBaseInterfaceERK29rosidl_message_type_support_tRKNSt7__cxx1112basic_stringIcSt11char_traitsIcESaIcEEERKNS_3QoSENS_23AnySubscriptionCallbackIS6_S5_EERKNS_32SubscriptionOptionsWithAllocatorIS5_EESt10shared_ptrIS9_ESY_INS_16topic_statistics27SubscriptionTopicStatisticsIS6_EEEEUlR35rmw_qos_incompatible_event_status_tE_SY_I18rcl_subscription_tEE7executeEv
FNDA:0,_ZN6rclcpp15QOSEventHandlerISt8functionIFvR28rmw_liveliness_lost_status_tEESt10shared_ptrI15rcl_publisher_tEEC2IPFiP11rcl_event_tPKS7_26rcl_publisher_event_type_tESF_EERKS5_T_S8_T0_
FNDA:0,_ZN6rclcpp15QOSEventHandlerIZNS_9PublisherIN8std_msgs3msg7String_ISaIvEEES5_EC4EPNS_15node_interfaces17NodeBaseInterfaceERKNSt7__cxx1112basic_stringIcSt11char_traitsIcESaIcEEERKNS_3QoSERKNS_29PublisherOptionsWithAllocatorIS5_EEEUlR35rmw_qos_incompatible_event_status_tE_St10shared_ptrI15rcl_publisher_tEE7executeEv
FNDA:0,_ZN6rclcpp15QOSEventHandlerISt8functionIFvR38rmw_requested_deadline_missed_status_tEESt10shared_ptrI18rcl_subscription_tEEC2IPFiP11rcl_event_tPKS7_29rcl_subscription_event_type_tESF_EERKS5_T_S8_T0_
FNDA:0,_ZN6rclcpp15QOSEventHandlerISt8functionIFvR36rmw_offered_deadline_missed_status_tEESt10shared_ptrI15rcl_publisher_tEEC2IPFiP11rcl_event_tPKS7_26rcl_publisher_event_type_tESF_EERKS5_T_S8_T0_
FNDA:0,_ZN6rclcpp15QOSEventHandlerISt8functionIFvR35rmw_qos_incompatible_event_status_tEESt10shared_ptrI15rcl_publisher_tEEC2IPFiP11rcl_event_tPKS7_26rcl_publisher_event_type_tESF_EERKS5_T_S8_T0_
FNDA:0,_ZN6rclcpp15QOSEventHandlerISt8functionIFvR35rmw_qos_incompatible_event_status_tEESt10shared_ptrI18rcl_subscription_tEE7executeEv
FNDA:0,_ZN6rclcpp15QOSEventHandlerISt8functionIFvR35rmw_qos_incompatible_event_status_tEESt10shared_ptrI18rcl_subscription_tEEC2IPFiP11rcl_event_tPKS7_29rcl_subscription_event_type_tESF_EERKS5_T_S8_T0_
FNDA:0,_ZN6rclcpp15QOSEventHandlerIZNS_9PublisherIN15statistics_msgs3msg15MetricsMessage_ISaIvEEES5_EC4EPNS_15node_interfaces17NodeBaseInterfaceERKNSt7__cxx1112basic_stringIcSt11char_traitsIcESaIcEEERKNS_3QoSERKNS_29PublisherOptionsWithAllocatorIS5_EEEUlR35rmw_qos_incompatible_event_status_tE_St10shared_ptrI15rcl_publisher_tEE7executeEv
FNDA:0,_ZN6rclcpp15QOSEventHandlerISt8functionIFvR38rmw_requested_deadline_missed_status_tEESt10shared_ptrI18rcl_subscription_tEE7executeEv
FNDA:1,_ZN6rclcpp15QOSEventHandlerIZNS_9PublisherIN8std_msgs3msg7String_ISaIvEEES5_EC4EPNS_15node_interfaces17NodeBaseInterfaceERKNSt7__cxx1112basic_stringIcSt11char_traitsIcESaIcEEERKNS_3QoSERKNS_29PublisherOptionsWithAllocatorIS5_EEEUlR35rmw_qos_incompatible_event_status_tE_St10shared_ptrI15rcl_publisher_tEEC2IPFiP11rcl_event_tPKSU_26rcl_publisher_event_type_tES12_EERKSS_T_SV_T0_
FNDA:0,_ZN6rclcpp15QOSEventHandlerIZNS_9PublisherIN15statistics_msgs3msg15MetricsMessage_ISaIvEEES5_EC4EPNS_15node_interfaces17NodeBaseInterfaceERKNSt7__cxx1112basic_stringIcSt11char_traitsIcESaIcEEERKNS_3QoSERKNS_29PublisherOptionsWithAllocatorIS5_EEEUlR35rmw_qos_incompatible_event_status_tE_St10shared_ptrI15rcl_publisher_tEEC2IPFiP11rcl_event_tPKSU_26rcl_publisher_event_type_tES12_EERKSS_T_SV_T0_
FNF:18
FNH:2
DA:110,2
DA:115,6
DA:117,2
DA:118,2
DA:119,2
DA:120,2
DA:121,2
DA:122,6
DA:123,2
DA:124,2
DA:126,0
DA:129,0
DA:133,0
DA:137,0
DA:138,0
DA:139,0
DA:142,0
DA:145,0
LF:18
LH:10
end_of_record
TN:
SF:/opt/ros/foxy/include/rclcpp/serialized_message.hpp
FNF:0
FNH:0
DA:52,0
LF:1
LH:0
end_of_record
TN:
SF:/opt/ros/foxy/include/rclcpp/subscription.hpp
FN:82,_ZN6rclcpp12SubscriptionIN8std_msgs3msg7String_ISaIvEEES4_NS_23message_memory_strategy21MessageMemoryStrategyIS5_S4_EEE11make_sharedIJRPNS_15node_interfaces17NodeBaseInterfaceERK29rosidl_message_type_support_tRKNSt7__cxx1112basic_stringIcSt11char_traitsIcESaIcEEERKNS_3QoSERKNS_23AnySubscriptionCallbackIS5_S4_EERKNS_32SubscriptionOptionsWithAllocatorIS4_EERKSt10shared_ptrIS8_ERKS11_INS_16topic_statistics27SubscriptionTopicStatisticsIS5_EEEEEES11_IS9_EDpOT_
FN:102,_ZN6rclcpp12SubscriptionIN8std_msgs3msg7String_ISaIvEEES4_NS_23message_memory_strategy21MessageMemoryStrategyIS5_S4_EEEC2EPNS_15node_interfaces17NodeBaseInterfaceERK29rosidl_message_type_support_tRKNSt7__cxx1112basic_stringIcSt11char_traitsIcESaIcEEERKNS_3QoSENS_23AnySubscriptionCallbackIS5_S4_EERKNS_32SubscriptionOptionsWithAllocatorIS4_EESt10shared_ptrIS8_ESX_INS_16topic_statistics27SubscriptionTopicStatisticsIS5_EEE
FN:139,_ZZN6rclcpp12SubscriptionIN8std_msgs3msg7String_ISaIvEEES4_NS_23message_memory_strategy21MessageMemoryStrategyIS5_S4_EEEC4EPNS_15node_interfaces17NodeBaseInterfaceERK29rosidl_message_type_support_tRKNSt7__cxx1112basic_stringIcSt11char_traitsIcESaIcEEERKNS_3QoSENS_23AnySubscriptionCallbackIS5_S4_EERKNS_32SubscriptionOptionsWithAllocatorIS4_EESt10shared_ptrIS8_ESX_INS_16topic_statistics27SubscriptionTopicStatisticsIS5_EEEENKUlR35rmw_qos_incompatible_event_status_tE_clES14_
FN:214,_ZN6rclcpp12SubscriptionIN8std_msgs3msg7String_ISaIvEEES4_NS_23message_memory_strategy21MessageMemoryStrategyIS5_S4_EEE15post_init_setupEPNS_15node_interfaces17NodeBaseInterfaceERKNS_3QoSERKNS_32SubscriptionOptionsWithAllocatorIS4_EE
FN:249,_ZN6rclcpp12SubscriptionIN8std_msgs3msg7String_ISaIvEEES4_NS_23message_memory_strategy21MessageMemoryStrategyIS5_S4_EEE14create_messageEv
FN:259,_ZN6rclcpp12SubscriptionIN8std_msgs3msg7String_ISaIvEEES4_NS_23message_memory_strategy21MessageMemoryStrategyIS5_S4_EEE25create_serialized_messageEv
FN:265,_ZN6rclcpp12SubscriptionIN8std_msgs3msg7String_ISaIvEEES4_NS_23message_memory_strategy21MessageMemoryStrategyIS5_S4_EEE14handle_messageERSt10shared_ptrIvERKNS_11MessageInfoE
FN:286,_ZN6rclcpp12SubscriptionIN8std_msgs3msg7String_ISaIvEEES4_NS_23message_memory_strategy21MessageMemoryStrategyIS5_S4_EEE21handle_loaned_messageEPvRKNS_11MessageInfoE
FN:299,_ZZN6rclcpp12SubscriptionIN8std_msgs3msg7String_ISaIvEEES4_NS_23message_memory_strategy21MessageMemoryStrategyIS5_S4_EEE21handle_loaned_messageEPvRKNS_11MessageInfoEENKUlPS5_E_clESE_
FN:322,_ZN6rclcpp12SubscriptionIN8std_msgs3msg7String_ISaIvEEES4_NS_23message_memory_strategy21MessageMemoryStrategyIS5_S4_EEE14return_messageERSt10shared_ptrIvE
FN:333,_ZN6rclcpp12SubscriptionIN8std_msgs3msg7String_ISaIvEEES4_NS_23message_memory_strategy21MessageMemoryStrategyIS5_S4_EEE25return_serialized_messageERSt10shared_ptrINS_17SerializedMessageEE
FNDA:0,_ZN6rclcpp12SubscriptionIN8std_msgs3msg7String_ISaIvEEES4_NS_23message_memory_strategy21MessageMemoryStrategyIS5_S4_EEE25create_serialized_messageEv
FNDA:0,_ZN6rclcpp12SubscriptionIN8std_msgs3msg7String_ISaIvEEES4_NS_23message_memory_strategy21MessageMemoryStrategyIS5_S4_EEE21handle_loaned_messageEPvRKNS_11MessageInfoE
[...]
DA:1070,0
DA:1073,0
DA:1075,0
DA:1078,0
DA:1079,0
DA:1080,0
DA:1083,0
DA:1084,0
DA:1085,0
DA:1088,0
DA:1089,0
DA:1090,0
DA:1092,0
DA:1093,0
DA:1094,0
DA:1097,0
DA:1098,0
DA:1099,0
DA:1100,0
DA:1101,0
DA:1102,0
DA:1103,0
DA:1104,0
DA:1105,0
DA:1109,0
DA:1110,0
DA:1116,0
DA:1117,0
DA:1118,0
DA:1119,0
DA:1120,0
DA:1121,0
DA:1123,0
DA:1124,0
DA:1132,0
DA:1133,0
DA:1134,0
DA:1135,0
DA:1136,0
DA:1146,0
DA:1149,0
DA:1151,0
DA:1152,0
DA:1153,0
DA:1155,0
DA:1156,0
DA:1159,0
DA:1170,0
DA:1171,0
DA:1175,0
DA:1177,0
DA:1178,0
DA:1179,0
DA:1180,0
DA:1181,0
DA:1182,0
DA:1183,0
DA:1184,0
DA:1185,0
DA:1186,0
DA:1187,0
DA:1188,0
DA:1189,0
DA:1190,0
DA:1191,0
DA:1193,0
DA:1195,0
DA:1196,0
DA:1197,0
DA:1198,0
DA:1199,0
DA:1200,0
DA:1201,0
DA:1203,0
DA:1205,0
DA:1208,0
DA:1209,0
DA:1210,0
DA:1211,0
DA:1217,0
DA:1218,0
DA:1219,0
DA:1220,0
DA:1222,0
DA:1223,0
DA:1225,0
DA:1226,0
DA:1228,0
DA:1229,0
DA:1245,0
DA:1248,0
DA:1250,0
DA:1251,0
DA:1252,0
DA:1254,0
DA:1255,0
DA:1256,0
DA:1257,0
DA:1261,0
DA:1262,0
DA:1263,0
DA:1264,0
DA:1269,0
DA:1270,0
DA:1271,0
DA:1273,0
DA:1274,0
DA:1275,0
DA:1277,0
DA:1281,0
DA:1283,0
DA:1285,0
DA:1286,0
DA:1288,0
DA:1289,0
DA:1293,0
DA:1294,0
DA:1297,0
DA:1299,0
DA:1302,0
DA:1304,0
DA:1314,0
DA:1315,0
DA:1316,0
DA:1317,0
DA:1318,0
DA:1319,0
DA:1321,0
DA:1322,0
DA:1323,0
DA:1324,0
DA:1325,0
DA:1326,0
DA:1327,0
DA:1330,0
DA:1333,0
DA:1334,0
DA:1354,0
DA:1359,0
DA:1360,0
DA:1361,0
DA:1362,0
DA:1363,0
DA:1365,0
DA:1366,0
DA:1367,0
DA:1370,0
DA:1371,0
DA:1374,0
DA:1376,0
DA:1378,0
DA:1379,0
DA:1380,0
DA:1381,0
DA:1385,0
DA:1389,0
DA:1394,0
DA:1395,0
DA:1396,0
DA:1397,0
DA:1398,0
DA:1399,0
DA:1400,0
DA:1401,0
DA:1405,0
DA:1411,0
DA:1412,0
DA:1416,0
DA:1417,0
DA:1418,0
DA:1419,0
DA:1420,0
DA:1421,0
DA:1427,0
DA:1432,0
DA:1433,0
DA:1437,0
DA:1438,0
DA:1439,0
DA:1446,0
DA:1447,0
DA:1448,0
DA:1450,0
DA:1451,0
DA:1452,0
DA:1455,0
DA:1456,0
DA:1457,0
DA:1464,0
DA:1466,0
DA:1471,0
DA:1473,0
DA:1480,0
DA:1484,0
DA:1485,0
DA:1490,0
DA:1491,0
DA:1492,0
DA:1513,0
DA:1516,0
DA:1519,0
DA:1522,0
DA:1525,0
DA:1530,0
DA:1534,0
DA:1535,0
DA:1540,0
DA:1541,0
DA:1542,0
DA:1546,0
DA:1550,0
DA:1551,0
DA:1556,0
DA:1557,0
DA:1558,0
DA:1562,0
DA:1566,0
DA:1567,0
DA:1569,0
DA:1570,0
DA:1571,0
DA:1576,0
DA:1580,0
DA:1581,0
DA:1583,0
DA:1584,0
DA:1585,0
DA:1586,0
DA:1600,0
DA:1601,0
DA:1603,0
DA:1606,0
DA:1607,0
DA:1609,0
DA:1614,0
DA:1616,0
DA:1624,0
DA:1628,0
DA:1629,0
DA:1631,0
DA:1632,0
DA:1634,0
DA:1635,0
DA:1636,0
DA:1637,0
DA:1638,0
DA:1647,0
DA:1650,0
DA:1653,0
DA:1656,0
DA:1659,0
DA:1662,0
DA:1665,0
DA:1668,0
DA:1671,0
DA:1674,0
DA:1677,0
DA:1680,0
DA:1684,0
DA:1687,0
DA:1690,0
DA:1693,0
DA:1788,0
DA:1789,0
DA:1790,0
DA:1791,0
DA:1800,0
DA:1801,0
DA:1802,0
DA:1806,0
DA:1807,0
DA:1808,0
DA:1809,0
DA:1810,0
DA:1811,0
DA:1812,0
DA:1813,0
DA:1814,0
DA:1815,0
DA:1816,0
DA:1817,0
DA:1819,0
DA:1820,0
DA:1821,0
DA:1822,0
DA:1823,0
DA:1825,0
DA:1835,0
DA:1837,0
DA:1841,0
DA:1843,0
DA:1848,0
DA:1864,0
DA:1865,0
DA:1866,0
DA:1868,0
DA:1869,0
DA:1872,0
DA:1873,0
DA:1874,0
DA:1875,0
DA:1876,0
DA:1877,0
DA:1879,0
DA:1882,0
DA:1884,0
DA:1889,0
DA:1890,0
DA:1892,0
DA:1901,0
DA:1902,0
DA:1904,0
DA:1906,0
DA:1910,0
DA:1914,0
DA:1915,0
DA:1920,0
DA:1921,0
DA:1922,0
DA:1926,0
DA:1930,0
DA:1931,0
DA:1934,0
DA:1935,0
DA:1936,0
DA:1937,0
DA:1946,8
DA:1947,8
DA:1948,8
DA:1949,8
DA:1964,0
DA:1966,0
DA:1968,0
DA:1973,0
DA:1988,0
DA:1990,0
DA:1991,0
DA:1992,0
DA:1993,0
DA:1994,0
DA:1998,40
DA:1999,80
DA:2000,40
DA:2001,80
DA:2005,0
DA:2006,0
DA:2007,0
DA:2008,0
DA:2012,0
DA:2013,0
DA:2014,0
DA:2015,0
DA:2016,0
DA:2021,608
DA:2022,1216
DA:2023,608
DA:2024,608
DA:2026,608
DA:2027,608
DA:2028,11912
DA:2029,11304
DA:2030,0
DA:2032,11304
DA:2036,1216
DA:2040,0
DA:2043,0
DA:2044,0
DA:2045,0
DA:2048,0
DA:2056,24
DA:2058,24
DA:2059,24
DA:2062,24
DA:2063,24
DA:2068,0
DA:2069,0
DA:2070,0
DA:2071,0
DA:2077,0
DA:2078,0
DA:2079,0
DA:2080,0
DA:2084,0
DA:2085,0
DA:2086,0
DA:2089,0
DA:2090,0
DA:2091,0
DA:2096,0
DA:2098,0
DA:2099,0
DA:2101,0
DA:2104,0
DA:2105,0
DA:2106,0
DA:2107,0
DA:2109,0
DA:2142,136
DA:2143,136
DA:2146,136
DA:2148,136
DA:2149,56
DA:2150,80
DA:2151,48
DA:2152,32
DA:2153,32
DA:2155,0
DA:2158,0
DA:2161,0
DA:2162,0
DA:2163,0
DA:2164,0
DA:2165,0
DA:2167,0
DA:2168,0
DA:2170,0
DA:2172,0
DA:2175,0
DA:2178,0
DA:2179,0
DA:2180,0
DA:2181,0
DA:2182,0
DA:2183,0
DA:2185,0
DA:2190,0
DA:2192,0
DA:2193,0
DA:2197,16
DA:2198,16
DA:2199,16
DA:2200,16
DA:2201,16
DA:2202,16
DA:2205,0
DA:2206,0
DA:2210,48
DA:2211,48
DA:2215,128
DA:2216,128
DA:2217,0
DA:2218,0
DA:2220,128
DA:2224,0
DA:2225,0
DA:2229,24
DA:2230,24
DA:2234,0
DA:2235,0
DA:2239,0
DA:2240,0
DA:2245,136
DA:2246,136
DA:2250,24
DA:2251,24
DA:2259,8
DA:2260,8
DA:2261,8
DA:2266,8
DA:2267,8
DA:2272,8
DA:2273,8
DA:2278,8
DA:2279,8
DA:2282,0
DA:2283,0
DA:2284,0
DA:2287,0
DA:2288,0
DA:2289,0
DA:2290,0
DA:2291,0
DA:2295,0
DA:2299,0
DA:2305,0
DA:2314,8
DA:2315,8
DA:2316,8
DA:2319,8
DA:2320,8
DA:2321,8
DA:2324,8
DA:2325,8
DA:2326,8
DA:2328,8
DA:2330,0
DA:2332,0
DA:2334,0
DA:2341,0
DA:2343,0
DA:2346,0
DA:2347,0
DA:2348,0
DA:2349,0
DA:2350,0
DA:2351,0
DA:2352,0
DA:2353,0
DA:2354,0
DA:2358,0
DA:2359,0
DA:2360,0
DA:2361,0
DA:2362,0
DA:2363,0
DA:2364,0
DA:2365,0
DA:2366,0
DA:2367,0
DA:2369,0
DA:2372,8
DA:2397,0
DA:2399,0
DA:2400,0
DA:2401,0
DA:2403,0
DA:2405,0
DA:2407,0
DA:2413,0
DA:2414,0
DA:2415,0
DA:2428,64
DA:2447,64
DA:2455,64
DA:2480,64
DA:2483,64
DA:2484,0
DA:2486,0
DA:2490,0
DA:2491,0
DA:2492,0
DA:2494,0
DA:2495,0
DA:2496,0
DA:2500,0
DA:2505,0
DA:2512,8
DA:2513,8
DA:2515,8
DA:2516,8
DA:2517,8
DA:2520,8
DA:2521,8
DA:2522,8
DA:2529,8
DA:2530,8
DA:2535,24
DA:2536,24
DA:2540,0
DA:2542,0
DA:2546,16
DA:2547,16
DA:2554,8
DA:2559,8
DA:2562,0
DA:2563,0
DA:2570,8
DA:2573,8
DA:2595,8
DA:2607,8
DA:2608,8
DA:2609,8
DA:2612,0
DA:2614,0
DA:2616,0
DA:2617,0
DA:2618,0
DA:2619,0
DA:2620,0
DA:2621,0
DA:2622,0
DA:2623,0
DA:2625,0
DA:2627,0
DA:2628,0
DA:2665,8
DA:2666,8
DA:2667,8
DA:2668,8
DA:2670,8
DA:2676,8
DA:2677,8
DA:2680,8
DA:2681,8
DA:2683,8
DA:2686,8
DA:2688,8
DA:2690,8
DA:2693,16
DA:2694,8
DA:2700,8
DA:2703,8
DA:2707,8
DA:2708,8
DA:2711,8
DA:2714,8
DA:2718,8
DA:2724,8
DA:2725,8
DA:2729,8
DA:2730,8
DA:2734,40
DA:2735,40
DA:2739,24
DA:2740,24
DA:2744,0
DA:2745,0
DA:2749,24
DA:2750,24
DA:2754,32
DA:2755,32
DA:2759,32
DA:2760,32
DA:2772,8
DA:2774,8
DA:2776,0
DA:2780,8
DA:2783,16
DA:2785,8
DA:2786,16
DA:2790,16
DA:2791,16
DA:2792,16
DA:2797,8
DA:2798,8
DA:2799,8
DA:2804,8
DA:2805,8
DA:2806,8
DA:2807,8
DA:2810,8
DA:2811,8
DA:2813,8
DA:2814,8
DA:2816,8
DA:2818,8
DA:2819,8
DA:2820,8
DA:2823,8
DA:2824,16
DA:2825,8
DA:2827,8
DA:2829,8
DA:2830,8
DA:2833,8
DA:2834,8
DA:2838,8
DA:2839,8
DA:2840,8
DA:2841,8
DA:2844,0
DA:2845,0
DA:2846,0
DA:2849,8
DA:2850,16
DA:2851,8
DA:2853,8
DA:2860,56
DA:2863,112
DA:2864,168
DA:2868,24
DA:2869,24
DA:2873,16
DA:2874,16
DA:2881,0
DA:2882,0
DA:2883,0
DA:2884,0
DA:2885,0
DA:2886,0
DA:2888,0
DA:2893,0
DA:2895,0
DA:2896,0
DA:2903,0
DA:2905,0
DA:2906,0
DA:2907,0
DA:2908,0
DA:2909,0
DA:2913,0
DA:2915,0
DA:2916,0
DA:2917,0
DA:2929,0
DA:2980,0
DA:2981,0
DA:2982,0
DA:2983,0
DA:2984,0
DA:2985,0
DA:2986,0
DA:2993,8
DA:2994,8
DA:2996,8
DA:3003,8
DA:3005,16
DA:3006,16
DA:3007,8
DA:3008,0
DA:3009,0
DA:3010,0
DA:3011,0
DA:3012,0
DA:3013,0
DA:3014,16
DA:3015,0
DA:3016,8
DA:3020,0
DA:3021,0
DA:3022,0
DA:3023,0
DA:3033,72
DA:3035,72
DA:3042,72
DA:3043,72
DA:3047,72
DA:3048,72
DA:3049,72
DA:3050,72
DA:3075,0
DA:3076,0
DA:3077,0
DA:3079,0
DA:3087,0
DA:3088,0
DA:3089,0
DA:3091,0
DA:3092,0
DA:3093,0
DA:3094,0
DA:3095,0
DA:3097,0
DA:3098,0
DA:3101,0
DA:3108,8
DA:3109,16
DA:3110,16
DA:3111,16
DA:3114,8
DA:3117,8
DA:3124,8
DA:3126,8
DA:3134,8
DA:3136,8
DA:3137,0
DA:3139,8
DA:3143,8
DA:3144,0
DA:3148,8
DA:3149,0
DA:3150,0
DA:3156,8
DA:3157,0
DA:3162,8
DA:3163,16
DA:3164,16
DA:3165,16
DA:3166,8
DA:3167,8
DA:3169,8
DA:3171,8
DA:3172,8
DA:3173,8
DA:3174,8
DA:3176,8
DA:3178,16
DA:3179,8
DA:3180,8
DA:3181,8
DA:3182,8
DA:3184,0
DA:3186,8
DA:3187,8
DA:3189,8
DA:3190,8
DA:3191,8
DA:3192,8
DA:3193,8
DA:3194,8
DA:3197,0
DA:3199,0
DA:3202,0
DA:3204,0
DA:3205,0
DA:3208,0
DA:3209,0
DA:3213,8
DA:3214,8
DA:3215,8
DA:3216,0
DA:3217,0
DA:3219,0
DA:3221,8
DA:3222,8
DA:3223,0
DA:3225,8
DA:3226,8
DA:3227,16
DA:3229,0
DA:3231,8
DA:3232,8
DA:3234,8
DA:3235,8
DA:3238,16
DA:3239,8
DA:3240,8
DA:3242,16
DA:3243,8
DA:3246,8
DA:3248,8
DA:3249,8
DA:3250,8
DA:3251,8
DA:3254,0
DA:3255,0
DA:3256,0
DA:3257,0
DA:3260,0
DA:3261,0
DA:3262,0
DA:3263,0
DA:3265,0
DA:3266,0
DA:3267,0
DA:3268,0
DA:3270,0
DA:3271,0
DA:3272,0
DA:3273,0
DA:3279,0
DA:3280,0
DA:3281,0
DA:3282,0
DA:3285,0
DA:3286,0
DA:3287,0
DA:3288,0
DA:3290,0
DA:3291,0
DA:3292,0
DA:3293,0
DA:3295,0
DA:3296,0
DA:3297,0
DA:3302,8
DA:3304,8
DA:3305,16
DA:3306,16
DA:3307,16
DA:3308,8
DA:3309,8
DA:3310,16
DA:3312,8
DA:3313,8
DA:3314,8
DA:3316,8
DA:3317,8
DA:3318,0
DA:3319,0
DA:3320,0
DA:3323,8
DA:3324,8
DA:3325,0
DA:3326,0
DA:3327,0
DA:3328,0
DA:3329,0
DA:3333,8
DA:3334,8
DA:3335,0
DA:3336,0
DA:3338,0
DA:3344,8
DA:3345,8
DA:3354,8
DA:3361,0
DA:3362,0
DA:3388,16
DA:3389,8
DA:3390,16
DA:3392,16
DA:3393,16
DA:3394,16
DA:3397,16
DA:3398,24
DA:3399,8
DA:3400,0
DA:3401,0
DA:3405,16
DA:3429,24
DA:3430,24
DA:3431,24
DA:3432,24
DA:3433,0
DA:3434,24
DA:3435,24
DA:3436,24
DA:3437,24
DA:3438,24
DA:3439,24
DA:3444,8
DA:3446,8
DA:3447,24
DA:3448,16
DA:3451,8
DA:3453,8
DA:3455,8
DA:3456,24
DA:3457,16
DA:3460,8
DA:3479,1232
DA:3480,1232
DA:3484,616
DA:3485,616
DA:3498,136
DA:3499,136
DA:3548,8
DA:3549,8
DA:3550,8
DA:3551,0
DA:3553,8
DA:3556,8
DA:3558,8
DA:3559,16
DA:3560,8
DA:3561,8
DA:3562,8
DA:3563,8
DA:3565,0
DA:3567,0
DA:3568,0
DA:3569,0
DA:3570,0
DA:3571,0
DA:3572,0
DA:3586,136
DA:3588,272
DA:3590,752
DA:3591,616
DA:3592,616
DA:3593,0
DA:3594,0
DA:3595,0
DA:3596,0
DA:3597,0
DA:3598,0
DA:3599,0
DA:3600,0
DA:3601,0
DA:3602,0
DA:3603,0
DA:3604,0
DA:3606,0
DA:3607,0
DA:3608,0
DA:3609,0
DA:3610,0
DA:3612,0
DA:3613,0
DA:3614,616
DA:3615,616
DA:3616,616
DA:3617,0
DA:3618,0
DA:3620,616
DA:3622,616
DA:3626,272
DA:3632,0
DA:3634,0
DA:3635,0
DA:3636,0
DA:3637,0
DA:3638,0
DA:3640,0
DA:3661,24
DA:3662,48
DA:3663,24
DA:3664,48
DA:3667,8
DA:3678,8
DA:3684,8
DA:3686,8
DA:3687,0
DA:3689,16
DA:3690,32
DA:3691,32
DA:3692,32
DA:3693,32
DA:3694,24
DA:3698,0
DA:3700,0
DA:3701,0
DA:3703,0
DA:3704,0
DA:3706,0
DA:3707,0
DA:3708,0
DA:3710,0
DA:3711,0
DA:3713,0
DA:3714,0
DA:3715,0
DA:3717,136
DA:3723,136
DA:3725,136
DA:3728,0
DA:3730,136
DA:3731,136
DA:3735,8
DA:3738,8
DA:3739,8
DA:3741,8
DA:3742,0
DA:3745,8
DA:3746,8
DA:3748,8
DA:3749,0
DA:3752,8
DA:3753,0
DA:3755,8
DA:3756,0
DA:3757,0
DA:3758,0
DA:3759,0
DA:3760,0
DA:3763,16
DA:3764,8
DA:3765,8
DA:3766,8
DA:3767,16
DA:3768,8
DA:3770,8
DA:3771,8
DA:3772,0
DA:3773,0
DA:3774,0
DA:3775,0
DA:3779,0
DA:3780,0
DA:3782,0
DA:3783,0
DA:3784,0
DA:3785,0
DA:3786,0
DA:3790,8
DA:3791,8
DA:3793,0
DA:3794,0
DA:3796,0
DA:3797,0
DA:3802,8
DA:3804,16
DA:3805,8
DA:3806,8
DA:3807,8
DA:3808,16
DA:3809,8
DA:3810,8
DA:3811,16
DA:3812,8
DA:3814,16
DA:3815,8
DA:3816,8
DA:3817,16
DA:3818,8
DA:3820,8
DA:3821,16
DA:3822,8
DA:3823,8
DA:3825,8
DA:3826,8
DA:3829,8
DA:3831,16
DA:3833,8
DA:3834,8
DA:3836,8
DA:3837,16
DA:3838,8
DA:3839,16
DA:3840,8
DA:3842,16
DA:3843,8
DA:3844,8
DA:3846,16
DA:3847,8
DA:3848,16
DA:3850,8
DA:3851,0
DA:3852,0
DA:3854,8
DA:3856,8
DA:3857,8
DA:3859,16
DA:3860,8
DA:3861,8
DA:3863,8
DA:3864,8
DA:3866,0
DA:3868,0
DA:3870,0
DA:3871,0
DA:3873,0
DA:3874,0
DA:3875,0
DA:3877,0
DA:3878,0
DA:3879,0
DA:3880,0
DA:3882,0
DA:3883,0
DA:3885,0
DA:3886,0
DA:3890,16
DA:3892,32
DA:3893,16
DA:3894,0
DA:3895,0
DA:3896,0
DA:3898,32
DA:3901,0
DA:3903,0
DA:3904,0
DA:3906,0
DA:3907,0
DA:3910,0
DA:3911,0
DA:3912,0
DA:3913,0
DA:3914,0
DA:3915,0
DA:3916,0
DA:3918,0
DA:3978,0
DA:3979,0
DA:3980,0
DA:3981,0
DA:3983,0
DA:3985,0
DA:3987,0
DA:3988,0
DA:3989,0
DA:3990,0
DA:3991,0
DA:3992,0
DA:3995,0
DA:3996,0
DA:3998,0
DA:3999,0
DA:4000,0
DA:4001,0
DA:4004,0
DA:4005,0
DA:4006,0
DA:4007,0
DA:4008,0
DA:4009,0
DA:4010,0
DA:4011,0
DA:4012,0
DA:4013,0
DA:4014,0
DA:4015,0
DA:4016,0
DA:4017,0
DA:4018,0
DA:4019,0
DA:4020,0
DA:4021,0
DA:4022,0
DA:4023,0
DA:4025,0
DA:4027,0
DA:4031,0
DA:4038,0
DA:4039,0
DA:4040,0
DA:4041,0
DA:4046,0
DA:4048,0
DA:4049,0
DA:4051,0
DA:4052,0
DA:4053,0
DA:4054,0
DA:4055,0
DA:4056,0
DA:4059,0
DA:4060,0
DA:4063,0
DA:4071,0
DA:4073,0
DA:4076,0
DA:4078,0
DA:4079,0
DA:4080,0
DA:4081,0
DA:4083,0
DA:4091,0
DA:4093,0
DA:4096,0
DA:4098,0
DA:4099,0
DA:4100,0
DA:4101,0
DA:4104,0
DA:4107,0
DA:4108,0
DA:4109,0
DA:4111,0
DA:4112,0
DA:4114,0
DA:4115,0
DA:4118,0
DA:4119,0
DA:4122,0
DA:4123,0
DA:4124,0
DA:4125,0
DA:4126,0
DA:4129,0
DA:4130,0
DA:4131,0
DA:4132,0
DA:4133,0
DA:4134,0
DA:4135,0
DA:4137,0
DA:4138,0
DA:4139,0
DA:4140,0
DA:4141,0
DA:4142,0
DA:4143,0
DA:4147,0
DA:4148,0
DA:4152,0
DA:4156,0
DA:4157,0
DA:4158,0
DA:4162,0
DA:4164,0
DA:4165,0
DA:4167,0
DA:4168,0
DA:4169,0
DA:4171,0
DA:4172,0
DA:4174,0
DA:4176,0
DA:4177,0
DA:4178,0
DA:4180,0
DA:4181,0
DA:4184,0
DA:4186,0
DA:4187,0
DA:4188,0
DA:4189,0
DA:4190,0
DA:4192,0
DA:4194,0
DA:4197,0
DA:4198,0
DA:4201,0
DA:4203,0
DA:4204,0
DA:4205,0
DA:4207,0
DA:4209,0
DA:4211,0
DA:4213,0
DA:4214,0
DA:4215,0
DA:4218,0
DA:4219,0
DA:4221,0
DA:4222,0
DA:4225,0
DA:4226,0
DA:4228,0
DA:4229,0
DA:4231,0
DA:4232,0
DA:4233,0
DA:4234,0
DA:4235,0
DA:4237,0
DA:4239,0
DA:4243,0
DA:4244,0
DA:4246,0
DA:4248,0
DA:4249,0
DA:4250,0
DA:4251,0
DA:4252,0
DA:4253,0
DA:4255,0
DA:4257,0
DA:4258,0
DA:4260,0
DA:4261,0
DA:4262,0
DA:4264,0
DA:4269,0
DA:4270,0
DA:4273,0
DA:4275,0
DA:4276,0
DA:4277,0
DA:4278,0
DA:4279,0
DA:4281,0
DA:4293,0
DA:4294,0
DA:4295,0
DA:4296,0
DA:4297,0
DA:4298,0
DA:4302,0
DA:4303,0
DA:4304,0
DA:4305,0
DA:4306,0
DA:4309,0
DA:4312,0
DA:4313,0
DA:4314,0
DA:4317,0
DA:4318,0
DA:4319,0
DA:4320,0
DA:4324,0
DA:4326,0
DA:4327,0
DA:4328,0
DA:4332,0
DA:4333,0
DA:4334,0
DA:4336,0
DA:4338,0
DA:4339,0
DA:4340,0
DA:4345,0
DA:4347,0
DA:4348,0
DA:4349,0
DA:4351,0
DA:4361,0
DA:4407,0
DA:4411,56
DA:4421,56
DA:4427,8
DA:4428,8
DA:4429,8
DA:4431,8
DA:4435,0
DA:4436,0
DA:4437,0
DA:4439,8
DA:4441,8
DA:4442,8
DA:4443,0
DA:4444,0
DA:4445,0
DA:4446,0
DA:4447,0
DA:4450,8
DA:4462,8
DA:4463,8
DA:4465,8
DA:4467,8
DA:4473,16
DA:4474,16
DA:4475,16
DA:4480,16
DA:4481,16
DA:4482,8
DA:4483,8
DA:4484,8
DA:4485,16
DA:4490,24
DA:4497,8
DA:4498,8
DA:4501,8
DA:4502,8
DA:4503,8
DA:4505,8
DA:4512,8
DA:4513,8
DA:4516,8
DA:4517,8
DA:4518,8
DA:4520,8
DA:4524,0
DA:4525,0
DA:4528,0
DA:4529,0
DA:4530,0
DA:4541,176
DA:4550,176
DA:4551,176
DA:4556,0
DA:4557,0
DA:4561,0
DA:4562,0
DA:4566,16
DA:4567,16
DA:4572,16
DA:4573,16
DA:4577,8
DA:4578,8
DA:4582,8
DA:4583,8
DA:4587,16
DA:4590,16
DA:4591,16
DA:4595,0
DA:4596,0
DA:4600,8
DA:4601,8
DA:4605,0
DA:4608,16
DA:4612,8
DA:4613,8
DA:4617,16
DA:4618,16
DA:4622,8
DA:4626,0
DA:4630,16
DA:4631,16
DA:4636,8
DA:4637,8
DA:4642,0
DA:4643,0
DA:4648,16
DA:4649,16
DA:4662,0
DA:4663,0
DA:4664,0
DA:4667,0
DA:4668,0
DA:4675,0
DA:4681,0
DA:4682,0
DA:4684,0
DA:4685,0
DA:4686,0
DA:4688,0
DA:4689,0
DA:4690,0
DA:4691,0
DA:4692,0
DA:4696,0
DA:4697,0
DA:4701,0
DA:4702,0
DA:4703,0
DA:4705,0
DA:4712,0
DA:4722,0
DA:4730,0
DA:4732,0
DA:4740,0
DA:4747,0
DA:4749,0
DA:4750,0
DA:4757,8
DA:4759,8
DA:4785,8
DA:4789,8
DA:4824,8
DA:4827,16
DA:4832,0
DA:4833,0
DA:4838,0
DA:4840,0
DA:4841,0
DA:4846,0
DA:4848,0
DA:4849,0
DA:4853,0
DA:4858,0
DA:4860,0
DA:4864,8
DA:4865,8
DA:4866,8
DA:4869,8
DA:4870,8
DA:4871,8
DA:4875,0
DA:4877,0
DA:4878,0
DA:4879,0
DA:4882,0
DA:4884,0
DA:4885,0
DA:4886,0
DA:4890,8
DA:4912,8
DA:4915,16
DA:4916,8
DA:4917,8
DA:4919,16
DA:4921,8
DA:4924,8
DA:4926,8
DA:4927,16
DA:4934,0
DA:4935,0
DA:4938,0
DA:4939,0
DA:4940,0
DA:4941,0
DA:4942,0
DA:4943,0
DA:4945,0
DA:4946,0
DA:4948,0
DA:4949,0
DA:4954,8
DA:4955,8
DA:4956,0
DA:4957,8
DA:4962,8
DA:4963,16
DA:4964,8
DA:4965,16
DA:4966,16
DA:4967,0
DA:4968,0
DA:4969,0
DA:4970,0
DA:4971,0
DA:4972,0
DA:4974,8
DA:4979,8
DA:4980,8
DA:4981,8
DA:4982,0
DA:4983,0
DA:4984,0
DA:4985,0
DA:4987,0
DA:4988,0
DA:4991,8
DA:4999,16
DA:5001,16
DA:5002,8
DA:5010,8
DA:5011,8
DA:5017,8
DA:5021,8
DA:5025,8
DA:5035,16
DA:5048,8
DA:5049,8
DA:5052,0
DA:5053,0
DA:5054,0
DA:5073,8
DA:5079,8
DA:5080,16
DA:5082,8
DA:5083,0
DA:5087,8
DA:5090,8
DA:5096,0
DA:5097,0
DA:5098,0
DA:5101,8
DA:5104,8
DA:5105,8
DA:5110,0
DA:5111,0
DA:5122,8
DA:5124,8
DA:5127,8
DA:5128,0
DA:5132,8
DA:5137,8
DA:5141,8
DA:5144,8
DA:5145,8
DA:5153,8
DA:5158,8
DA:5160,8
DA:5163,8
DA:5165,0
DA:5166,0
DA:5169,8
DA:5170,0
DA:5173,8
DA:5175,8
DA:5177,8
DA:5178,8
DA:5182,8
DA:5184,8
DA:5185,16
DA:5188,8
DA:5190,8
DA:5193,8
DA:5194,0
DA:5198,0
DA:5202,8
DA:5205,8
DA:5207,8
DA:5208,8
DA:5209,8
DA:5213,8
DA:5214,16
DA:5216,8
DA:5221,8
DA:5222,8
DA:5224,8
DA:5227,8
DA:5230,8
DA:5233,8
DA:5234,0
DA:5243,8
DA:5245,8
DA:5247,0
DA:5251,8
DA:5253,8
DA:5254,0
DA:5267,8
DA:5274,8
DA:5275,8
DA:5276,8
DA:5277,0
DA:5278,0
DA:5279,0
DA:5283,0
DA:5284,0
DA:5286,0
DA:5288,8
DA:5296,16
DA:5299,16
DA:5300,0
DA:5303,16
DA:5304,16
DA:5306,16
DA:5307,16
DA:5308,0
DA:5309,0
DA:5310,0
DA:5311,0
DA:5312,0
DA:5313,0
DA:5314,0
DA:5315,0
DA:5316,0
DA:5317,0
DA:5318,0
DA:5319,0
DA:5320,0
DA:5321,0
DA:5322,0
DA:5323,0
DA:5324,0
DA:5325,0
DA:5326,0
DA:5327,0
DA:5328,0
DA:5329,0
DA:5330,0
DA:5331,0
DA:5332,0
DA:5335,0
DA:5341,32
DA:5342,32
DA:5343,32
DA:5344,32
DA:5348,0
DA:5350,0
DA:5352,0
DA:5359,0
DA:5360,0
DA:5370,8
DA:5371,8
DA:5372,0
DA:5373,8
DA:5374,0
DA:5380,8
DA:5381,8
DA:5382,16
DA:5383,8
DA:5384,16
DA:5385,8
DA:5387,16
DA:5388,8
DA:5389,16
DA:5393,8
DA:5394,16
DA:5395,8
DA:5396,8
DA:5397,8
DA:5400,8
DA:5402,8
DA:5404,8
DA:5405,8
DA:5409,8
DA:5410,0
DA:5411,8
DA:5412,8
DA:5414,8
DA:5415,8
DA:5417,8
DA:5418,8
DA:5421,8
DA:5428,0
DA:5429,0
DA:5430,0
DA:5431,0
DA:5432,0
DA:5433,0
DA:5435,0
DA:5436,0
DA:5437,0
DA:5439,0
DA:5440,0
DA:5444,0
DA:5447,0
DA:5449,0
DA:5451,0
DA:5452,0
DA:5453,0
DA:5455,0
DA:5457,0
DA:5458,0
DA:5459,0
DA:5460,0
DA:5461,0
DA:5462,0
DA:5463,0
DA:5466,0
DA:5468,0
DA:5470,0
DA:5471,0
DA:5472,0
DA:5475,0
DA:5477,0
DA:5481,0
DA:5482,0
DA:5483,0
DA:5484,0
DA:5485,0
DA:5486,0
DA:5487,0
DA:5488,0
DA:5489,0
DA:5490,0
DA:5491,0
DA:5492,0
DA:5493,0
DA:5494,0
DA:5496,0
DA:5497,0
DA:5499,0
DA:5506,0
DA:5508,0
DA:5509,0
DA:5510,0
DA:5512,0
DA:5517,56
DA:5518,56
DA:5522,8
DA:5526,56
DA:5530,40
DA:5531,40
DA:5532,32
DA:5534,8
DA:5535,0
DA:5537,8
DA:5542,0
DA:5544,0
DA:5547,0
DA:5548,0
DA:5551,0
DA:5552,0
DA:5554,0
DA:5557,8
DA:5558,16
DA:5560,8
DA:5562,8
DA:5564,8
DA:5576,0
DA:5580,0
DA:5589,144
DA:5591,0
DA:5595,0
DA:5596,0
DA:5598,0
DA:5604,0
DA:5605,0
DA:5606,0
DA:5607,0
DA:5608,0
DA:5610,0
DA:5618,80
DA:5621,80
DA:5624,240
DA:5625,80
DA:5626,80
DA:5629,8
DA:5632,8
DA:5633,0
DA:5639,8
DA:5642,8
DA:5655,40
DA:5657,40
DA:5660,40
DA:5663,0
DA:5664,0
DA:5672,0
DA:5674,0
DA:5677,0
DA:5680,0
DA:5681,0
DA:5690,40
DA:5692,40
DA:5695,40
DA:5698,8
DA:5699,8
DA:5708,0
DA:5709,0
DA:5710,0
DA:5711,0
DA:5712,0
DA:5713,0
DA:5714,0
DA:5728,0
DA:5729,0
DA:5736,0
DA:5737,0
DA:5738,0
DA:5739,0
DA:5742,0
DA:5744,0
DA:5745,0
DA:5746,0
DA:5747,0
DA:5748,0
DA:5749,0
DA:5750,0
DA:5751,0
DA:5752,0
DA:5753,0
DA:5754,0
DA:5755,0
DA:5757,0
DA:5759,0
DA:5827,8
DA:5828,8
DA:5829,8
DA:5830,8
DA:5831,8
DA:5832,8
DA:5833,8
DA:5834,8
DA:5835,8
DA:5836,8
DA:5837,8
DA:5838,8
DA:5839,8
DA:5840,8
DA:5841,8
DA:5842,8
DA:5843,8
DA:5844,0
DA:5845,0
DA:5846,0
DA:5847,0
DA:5848,0
DA:5849,0
DA:5850,0
DA:5851,0
DA:5852,16
DA:5853,0
DA:5854,8
DA:5858,0
DA:5859,0
DA:5860,0
DA:5861,0
DA:5862,0
DA:5864,0
DA:5865,0
DA:5866,0
DA:5867,0
DA:5868,0
DA:5869,0
DA:5870,0
DA:5871,0
DA:5872,0
DA:5874,0
DA:5881,8
DA:5882,16
DA:5883,16
DA:5884,8
DA:5890,8
DA:5891,8
DA:5892,8
DA:5894,0
DA:5895,0
DA:5896,0
DA:5898,0
DA:5899,0
DA:5900,0
DA:5903,0
DA:5906,8
DA:5911,16
DA:5912,8
DA:5916,8
DA:5920,8
DA:5924,8
DA:5928,0
DA:5930,8
DA:5934,8
DA:5935,8
DA:5947,8
DA:5948,0
DA:5949,0
DA:5950,0
DA:5957,8
DA:5959,8
DA:5961,8
DA:5963,8
DA:5964,24
DA:5965,16
DA:5972,8
DA:5973,8
DA:5987,8
DA:5991,8
DA:5993,8
DA:5997,0
DA:6001,0
DA:6003,0
DA:6005,0
DA:6023,0
DA:6031,0
DA:6032,0
DA:6033,0
DA:6034,0
DA:6035,0
DA:6037,0
DA:6038,0
DA:6041,0
DA:6043,0
DA:6044,0
LF:2227
LH:809
end_of_record
TN:
SF:/opt/ros/foxy/src/gtest_vendor/src/gtest_main.cc
FN:33,main
FNDA:8,main
FNF:1
FNH:1
DA:33,8
DA:34,8
DA:35,8
DA:36,8
LF:4
LH:4
end_of_record
