Start testing: Sep 17 20:46 +03
----------------------------------------------------------
1/7 Testing: test_my_node
1/7 Test: test_my_node
Command: "/usr/bin/python3" "-u" "/opt/ros/foxy/share/ament_cmake_test/cmake/run_test.py" "/home/bmcotonom1/DevOps (second copy )/build/cpp_pubsub/test_results/cpp_pubsub/test_my_node.gtest.xml" "--package-name" "cpp_pubsub" "--output-file" "/home/bmcotonom1/DevOps (second copy )/build/cpp_pubsub/ament_cmake_gtest/test_my_node.txt" "--command" "/home/bmcotonom1/DevOps (second copy )/build/cpp_pubsub/test_my_node" "--gtest_output=xml:/home/bmcotonom1/DevOps (second copy )/build/cpp_pubsub/test_results/cpp_pubsub/test_my_node.gtest.xml"
Directory: /home/bmcotonom1/DevOps (second copy )/build/cpp_pubsub
"test_my_node" start time: Sep 17 20:46 +03
Output:
----------------------------------------------------------
-- run_test.py: invoking following command in '/home/bmcotonom1/DevOps (second copy )/build/cpp_pubsub':
 - /home/bmcotonom1/DevOps (second copy )/build/cpp_pubsub/test_my_node --gtest_output=xml:/home/bmcotonom1/DevOps (second copy )/build/cpp_pubsub/test_results/cpp_pubsub/test_my_node.gtest.xml
Running main() from /opt/ros/foxy/src/gtest_vendor/src/gtest_main.cc
[==========] Running 1 test from 1 test case.
[----------] Global test environment set-up.
[----------] 1 test from SanityCheck
[ RUN      ] SanityCheck.BasicAssertion
[       OK ] SanityCheck.BasicAssertion (0 ms)
[----------] 1 test from SanityCheck (0 ms total)

[----------] Global test environment tear-down
[==========] 1 test from 1 test case ran. (0 ms total)
[  PASSED  ] 1 test.
-- run_test.py: return code 0
-- run_test.py: inject classname prefix into gtest result file '/home/bmcotonom1/DevOps (second copy )/build/cpp_pubsub/test_results/cpp_pubsub/test_my_node.gtest.xml'
-- run_test.py: verify result file '/home/bmcotonom1/DevOps (second copy )/build/cpp_pubsub/test_results/cpp_pubsub/test_my_node.gtest.xml'
<end of output>
Test time =   0.05 sec
----------------------------------------------------------
Test Passed.
"test_my_node" end time: Sep 17 20:46 +03
"test_my_node" time elapsed: 00:00:00
----------------------------------------------------------

2/7 Testing: copyright
2/7 Test: copyright
Command: "/usr/bin/python3" "-u" "/opt/ros/foxy/share/ament_cmake_test/cmake/run_test.py" "/home/bmcotonom1/DevOps (second copy )/build/cpp_pubsub/test_results/cpp_pubsub/copyright.xunit.xml" "--package-name" "cpp_pubsub" "--output-file" "/home/bmcotonom1/DevOps (second copy )/build/cpp_pubsub/ament_copyright/copyright.txt" "--command" "/opt/ros/foxy/bin/ament_copyright" "--xunit-file" "/home/bmcotonom1/DevOps (second copy )/build/cpp_pubsub/test_results/cpp_pubsub/copyright.xunit.xml"
Directory: /home/bmcotonom1/DevOps (second copy )/src/cpp_pubsub
"copyright" start time: Sep 17 20:46 +03
Output:
----------------------------------------------------------
-- run_test.py: invoking following command in '/home/bmcotonom1/DevOps (second copy )/src/cpp_pubsub':
 - /opt/ros/foxy/bin/ament_copyright --xunit-file /home/bmcotonom1/DevOps (second copy )/build/cpp_pubsub/test_results/cpp_pubsub/copyright.xunit.xml
/opt/ros/foxy/bin/ament_copyright:6: DeprecationWarning: pkg_resources is deprecated as an API. See https://setuptools.pypa.io/en/latest/pkg_resources.html
  from pkg_resources import load_entry_point
test/test_my_node.cpp: could not find copyright notice
1 errors, checked 3 files
-- run_test.py: return code 1
-- run_test.py: verify result file '/home/bmcotonom1/DevOps (second copy )/build/cpp_pubsub/test_results/cpp_pubsub/copyright.xunit.xml'
<end of output>
Test time =   0.29 sec
----------------------------------------------------------
Test Failed.
"copyright" end time: Sep 17 20:46 +03
"copyright" time elapsed: 00:00:00
----------------------------------------------------------

3/7 Testing: cppcheck
3/7 Test: cppcheck
Command: "/usr/bin/python3" "-u" "/opt/ros/foxy/share/ament_cmake_test/cmake/run_test.py" "/home/bmcotonom1/DevOps (second copy )/build/cpp_pubsub/test_results/cpp_pubsub/cppcheck.xunit.xml" "--package-name" "cpp_pubsub" "--output-file" "/home/bmcotonom1/DevOps (second copy )/build/cpp_pubsub/ament_cppcheck/cppcheck.txt" "--command" "/opt/ros/foxy/bin/ament_cppcheck" "--xunit-file" "/home/bmcotonom1/DevOps (second copy )/build/cpp_pubsub/test_results/cpp_pubsub/cppcheck.xunit.xml"
Directory: /home/bmcotonom1/DevOps (second copy )/src/cpp_pubsub
"cppcheck" start time: Sep 17 20:46 +03
Output:
----------------------------------------------------------
-- run_test.py: invoking following command in '/home/bmcotonom1/DevOps (second copy )/src/cpp_pubsub':
 - /opt/ros/foxy/bin/ament_cppcheck --xunit-file /home/bmcotonom1/DevOps (second copy )/build/cpp_pubsub/test_results/cpp_pubsub/cppcheck.xunit.xml
/opt/ros/foxy/bin/ament_cppcheck:6: DeprecationWarning: pkg_resources is deprecated as an API. See https://setuptools.pypa.io/en/latest/pkg_resources.html
  from pkg_resources import load_entry_point
No problems found
-- run_test.py: return code 0
-- run_test.py: verify result file '/home/bmcotonom1/DevOps (second copy )/build/cpp_pubsub/test_results/cpp_pubsub/cppcheck.xunit.xml'
<end of output>
Test time =   0.28 sec
----------------------------------------------------------
Test Passed.
"cppcheck" end time: Sep 17 20:46 +03
"cppcheck" time elapsed: 00:00:00
----------------------------------------------------------

4/7 Testing: cpplint
4/7 Test: cpplint
Command: "/usr/bin/python3" "-u" "/opt/ros/foxy/share/ament_cmake_test/cmake/run_test.py" "/home/bmcotonom1/DevOps (second copy )/build/cpp_pubsub/test_results/cpp_pubsub/cpplint.xunit.xml" "--package-name" "cpp_pubsub" "--output-file" "/home/bmcotonom1/DevOps (second copy )/build/cpp_pubsub/ament_cpplint/cpplint.txt" "--command" "/opt/ros/foxy/bin/ament_cpplint" "--xunit-file" "/home/bmcotonom1/DevOps (second copy )/build/cpp_pubsub/test_results/cpp_pubsub/cpplint.xunit.xml"
Directory: /home/bmcotonom1/DevOps (second copy )/src/cpp_pubsub
"cpplint" start time: Sep 17 20:46 +03
Output:
----------------------------------------------------------
-- run_test.py: invoking following command in '/home/bmcotonom1/DevOps (second copy )/src/cpp_pubsub':
 - /opt/ros/foxy/bin/ament_cpplint --xunit-file /home/bmcotonom1/DevOps (second copy )/build/cpp_pubsub/test_results/cpp_pubsub/cpplint.xunit.xml
/opt/ros/foxy/bin/ament_cpplint:6: DeprecationWarning: pkg_resources is deprecated as an API. See https://setuptools.pypa.io/en/latest/pkg_resources.html
  from pkg_resources import load_entry_point
/home/bmcotonom1/DevOps (second copy )/src/cpp_pubsub/test/test_my_node.cpp:0:  No copyright message found.  You should have a line: "Copyright [year] <Copyright Owner>"  [legal/copyright] [5]
Category 'legal/copyright' errors found: 1
Total errors found: 1
Using '--root=/home/bmcotonom1/DevOps (second copy )/src/cpp_pubsub/src' argument

Done processing /home/bmcotonom1/DevOps (second copy )/src/cpp_pubsub/src/publisher_member_function.cpp

Done processing /home/bmcotonom1/DevOps (second copy )/src/cpp_pubsub/src/subscriber_member_function.cpp

Using '--root=/home/bmcotonom1/DevOps (second copy )/src/cpp_pubsub/test' argument

Done processing /home/bmcotonom1/DevOps (second copy )/src/cpp_pubsub/test/test_my_node.cpp

-- run_test.py: return code 1
-- run_test.py: verify result file '/home/bmcotonom1/DevOps (second copy )/build/cpp_pubsub/test_results/cpp_pubsub/cpplint.xunit.xml'
<end of output>
Test time =   0.28 sec
----------------------------------------------------------
Test Failed.
"cpplint" end time: Sep 17 20:46 +03
"cpplint" time elapsed: 00:00:00
----------------------------------------------------------

5/7 Testing: lint_cmake
5/7 Test: lint_cmake
Command: "/usr/bin/python3" "-u" "/opt/ros/foxy/share/ament_cmake_test/cmake/run_test.py" "/home/bmcotonom1/DevOps (second copy )/build/cpp_pubsub/test_results/cpp_pubsub/lint_cmake.xunit.xml" "--package-name" "cpp_pubsub" "--output-file" "/home/bmcotonom1/DevOps (second copy )/build/cpp_pubsub/ament_lint_cmake/lint_cmake.txt" "--command" "/opt/ros/foxy/bin/ament_lint_cmake" "--xunit-file" "/home/bmcotonom1/DevOps (second copy )/build/cpp_pubsub/test_results/cpp_pubsub/lint_cmake.xunit.xml"
Directory: /home/bmcotonom1/DevOps (second copy )/src/cpp_pubsub
"lint_cmake" start time: Sep 17 20:46 +03
Output:
----------------------------------------------------------
-- run_test.py: invoking following command in '/home/bmcotonom1/DevOps (second copy )/src/cpp_pubsub':
 - /opt/ros/foxy/bin/ament_lint_cmake --xunit-file /home/bmcotonom1/DevOps (second copy )/build/cpp_pubsub/test_results/cpp_pubsub/lint_cmake.xunit.xml
/opt/ros/foxy/bin/ament_lint_cmake:6: DeprecationWarning: pkg_resources is deprecated as an API. See https://setuptools.pypa.io/en/latest/pkg_resources.html
  from pkg_resources import load_entry_point

No problems found
-- run_test.py: return code 0
-- run_test.py: verify result file '/home/bmcotonom1/DevOps (second copy )/build/cpp_pubsub/test_results/cpp_pubsub/lint_cmake.xunit.xml'
<end of output>
Test time =   0.26 sec
----------------------------------------------------------
Test Passed.
"lint_cmake" end time: Sep 17 20:46 +03
"lint_cmake" time elapsed: 00:00:00
----------------------------------------------------------

6/7 Testing: uncrustify
6/7 Test: uncrustify
Command: "/usr/bin/python3" "-u" "/opt/ros/foxy/share/ament_cmake_test/cmake/run_test.py" "/home/bmcotonom1/DevOps (second copy )/build/cpp_pubsub/test_results/cpp_pubsub/uncrustify.xunit.xml" "--package-name" "cpp_pubsub" "--output-file" "/home/bmcotonom1/DevOps (second copy )/build/cpp_pubsub/ament_uncrustify/uncrustify.txt" "--command" "/opt/ros/foxy/bin/ament_uncrustify" "--xunit-file" "/home/bmcotonom1/DevOps (second copy )/build/cpp_pubsub/test_results/cpp_pubsub/uncrustify.xunit.xml"
Directory: /home/bmcotonom1/DevOps (second copy )/src/cpp_pubsub
"uncrustify" start time: Sep 17 20:46 +03
Output:
----------------------------------------------------------
-- run_test.py: invoking following command in '/home/bmcotonom1/DevOps (second copy )/src/cpp_pubsub':
 - /opt/ros/foxy/bin/ament_uncrustify --xunit-file /home/bmcotonom1/DevOps (second copy )/build/cpp_pubsub/test_results/cpp_pubsub/uncrustify.xunit.xml
/opt/ros/foxy/bin/ament_uncrustify:6: DeprecationWarning: pkg_resources is deprecated as an API. See https://setuptools.pypa.io/en/latest/pkg_resources.html
  from pkg_resources import load_entry_point
Code style divergence in file 'test/test_my_node.cpp':

--- test/test_my_node.cpp
+++ test/test_my_node.cpp.uncrustify
@@ -7 +6,0 @@
-

1 files with code style divergence
No code style divergence in file 'src/publisher_member_function.cpp'

No code style divergence in file 'src/subscriber_member_function.cpp'

-- run_test.py: return code 1
-- run_test.py: verify result file '/home/bmcotonom1/DevOps (second copy )/build/cpp_pubsub/test_results/cpp_pubsub/uncrustify.xunit.xml'
<end of output>
Test time =   0.28 sec
----------------------------------------------------------
Test Failed.
"uncrustify" end time: Sep 17 20:46 +03
"uncrustify" time elapsed: 00:00:00
----------------------------------------------------------

7/7 Testing: xmllint
7/7 Test: xmllint
Command: "/usr/bin/python3" "-u" "/opt/ros/foxy/share/ament_cmake_test/cmake/run_test.py" "/home/bmcotonom1/DevOps (second copy )/build/cpp_pubsub/test_results/cpp_pubsub/xmllint.xunit.xml" "--package-name" "cpp_pubsub" "--output-file" "/home/bmcotonom1/DevOps (second copy )/build/cpp_pubsub/ament_xmllint/xmllint.txt" "--command" "/opt/ros/foxy/bin/ament_xmllint" "--xunit-file" "/home/bmcotonom1/DevOps (second copy )/build/cpp_pubsub/test_results/cpp_pubsub/xmllint.xunit.xml"
Directory: /home/bmcotonom1/DevOps (second copy )/src/cpp_pubsub
"xmllint" start time: Sep 17 20:46 +03
Output:
----------------------------------------------------------
-- run_test.py: invoking following command in '/home/bmcotonom1/DevOps (second copy )/src/cpp_pubsub':
 - /opt/ros/foxy/bin/ament_xmllint --xunit-file /home/bmcotonom1/DevOps (second copy )/build/cpp_pubsub/test_results/cpp_pubsub/xmllint.xunit.xml
/opt/ros/foxy/bin/ament_xmllint:6: DeprecationWarning: pkg_resources is deprecated as an API. See https://setuptools.pypa.io/en/latest/pkg_resources.html
  from pkg_resources import load_entry_point
File 'package.xml' is valid

No problems found
-- run_test.py: return code 0
-- run_test.py: verify result file '/home/bmcotonom1/DevOps (second copy )/build/cpp_pubsub/test_results/cpp_pubsub/xmllint.xunit.xml'
<end of output>
Test time =   0.90 sec
----------------------------------------------------------
Test Passed.
"xmllint" end time: Sep 17 20:46 +03
"xmllint" time elapsed: 00:00:00
----------------------------------------------------------

End testing: Sep 17 20:46 +03

copyright =   0.29 sec*proc

cppcheck =   0.28 sec*proc

cpplint =   0.28 sec*proc

gtest =   0.05 sec*proc

lint_cmake =   0.26 sec*proc

linter =   2.30 sec*proc

uncrustify =   0.28 sec*proc

xmllint =   0.90 sec*proc

