<?xml version="1.0" encoding="UTF-8"?>
<Site BuildName="(empty)"
	BuildStamp="20250916-0840-Experimental"
	Name="bmcotonom1-GE75-Raider-9SF"
	Generator="ctest-3.16.3"
	CompilerName="/usr/bin/c++"
	CompilerVersion="9.4.0"
	OSName="Linux"
	Hostname="bmcotonom1-GE75-Raider-9SF"
	OSRelease="5.15.0-139-generic"
	OSVersion="#149~20.04.1-Ubuntu SMP Wed Apr 16 08:29:56 UTC 2025"
	OSPlatform="x86_64"
	Is64Bits="1"
	VendorString="GenuineIntel"
	VendorID="Intel Corporation"
	FamilyID="6"
	ModelID="158"
	ProcessorCacheSize="12288"
	NumberOfLogicalCPU="12"
	NumberOfPhysicalCPU="6"
	TotalVirtualMemory="2047"
	TotalPhysicalMemory="31928"
	LogicalProcessorsPerPhysical="2"
	ProcessorClockFrequency="2600"
	>
	<Testing>
		<StartDateTime>Sep 16 11:40 +03</StartDateTime>
		<StartTestTime>1758012029</StartTestTime>
		<TestList>
			<Test>./test_my_node</Test>
			<Test>./copyright</Test>
			<Test>./cppcheck</Test>
			<Test>./cpplint</Test>
			<Test>./lint_cmake</Test>
			<Test>./uncrustify</Test>
			<Test>./xmllint</Test>
		</TestList>
		<Test Status="passed">
			<Name>test_my_node</Name>
			<Path>.</Path>
			<FullName>./test_my_node</FullName>
			<FullCommandLine>/usr/bin/python3 "-u" "/opt/ros/foxy/share/ament_cmake_test/cmake/run_test.py" "/home/bmcotonom1/DevOps/build/cpp_pubsub/test_results/cpp_pubsub/test_my_node.gtest.xml" "--package-name" "cpp_pubsub" "--output-file" "/home/bmcotonom1/DevOps/build/cpp_pubsub/ament_cmake_gtest/test_my_node.txt" "--command" "/home/bmcotonom1/DevOps/build/cpp_pubsub/test_my_node" "--gtest_output=xml:/home/bmcotonom1/DevOps/build/cpp_pubsub/test_results/cpp_pubsub/test_my_node.gtest.xml"</FullCommandLine>
			<Results>
				<NamedMeasurement type="numeric/double" name="Execution Time">
					<Value>0.0550366</Value>
				</NamedMeasurement>
				<NamedMeasurement type="numeric/double" name="Processors">
					<Value>1</Value>
				</NamedMeasurement>
				<NamedMeasurement type="text/string" name="Completion Status">
					<Value>Completed</Value>
				</NamedMeasurement>
				<NamedMeasurement type="text/string" name="Command Line">
					<Value>/usr/bin/python3 "-u" "/opt/ros/foxy/share/ament_cmake_test/cmake/run_test.py" "/home/bmcotonom1/DevOps/build/cpp_pubsub/test_results/cpp_pubsub/test_my_node.gtest.xml" "--package-name" "cpp_pubsub" "--output-file" "/home/bmcotonom1/DevOps/build/cpp_pubsub/ament_cmake_gtest/test_my_node.txt" "--command" "/home/bmcotonom1/DevOps/build/cpp_pubsub/test_my_node" "--gtest_output=xml:/home/bmcotonom1/DevOps/build/cpp_pubsub/test_results/cpp_pubsub/test_my_node.gtest.xml"</Value>
				</NamedMeasurement>
				<Measurement>
					<Value>-- run_test.py: invoking following command in '/home/bmcotonom1/DevOps/build/cpp_pubsub':
 - /home/bmcotonom1/DevOps/build/cpp_pubsub/test_my_node --gtest_output=xml:/home/bmcotonom1/DevOps/build/cpp_pubsub/test_results/cpp_pubsub/test_my_node.gtest.xml
Running main() from /opt/ros/foxy/src/gtest_vendor/src/gtest_main.cc
[==========] Running 1 test from 1 test case.
[----------] Global test environment set-up.
[----------] 1 test from SanityCheck
[ RUN      ] SanityCheck.BasicAssertion
[       OK ] SanityCheck.BasicAssertion (0 ms)
[----------] 1 test from SanityCheck (0 ms total)

[----------] Global test environment tear-down
[==========] 1 test from 1 test case ran. (0 ms total)
[  PASSED  ] 1 test.
-- run_test.py: return code 0
-- run_test.py: inject classname prefix into gtest result file '/home/bmcotonom1/DevOps/build/cpp_pubsub/test_results/cpp_pubsub/test_my_node.gtest.xml'
-- run_test.py: verify result file '/home/bmcotonom1/DevOps/build/cpp_pubsub/test_results/cpp_pubsub/test_my_node.gtest.xml'
</Value>
				</Measurement>
			</Results>
			<Labels>
				<Label>gtest</Label>
			</Labels>
		</Test>
		<Test Status="failed">
			<Name>copyright</Name>
			<Path>.</Path>
			<FullName>./copyright</FullName>
			<FullCommandLine>/usr/bin/python3 "-u" "/opt/ros/foxy/share/ament_cmake_test/cmake/run_test.py" "/home/bmcotonom1/DevOps/build/cpp_pubsub/test_results/cpp_pubsub/copyright.xunit.xml" "--package-name" "cpp_pubsub" "--output-file" "/home/bmcotonom1/DevOps/build/cpp_pubsub/ament_copyright/copyright.txt" "--command" "/opt/ros/foxy/bin/ament_copyright" "--xunit-file" "/home/bmcotonom1/DevOps/build/cpp_pubsub/test_results/cpp_pubsub/copyright.xunit.xml"</FullCommandLine>
			<Results>
				<NamedMeasurement type="text/string" name="Exit Code">
					<Value>Failed</Value>
				</NamedMeasurement>
				<NamedMeasurement type="text/string" name="Exit Value">
					<Value>1</Value>
				</NamedMeasurement>
				<NamedMeasurement type="numeric/double" name="Execution Time">
					<Value>0.271016</Value>
				</NamedMeasurement>
				<NamedMeasurement type="numeric/double" name="Processors">
					<Value>1</Value>
				</NamedMeasurement>
				<NamedMeasurement type="text/string" name="Completion Status">
					<Value>Completed</Value>
				</NamedMeasurement>
				<NamedMeasurement type="text/string" name="Command Line">
					<Value>/usr/bin/python3 "-u" "/opt/ros/foxy/share/ament_cmake_test/cmake/run_test.py" "/home/bmcotonom1/DevOps/build/cpp_pubsub/test_results/cpp_pubsub/copyright.xunit.xml" "--package-name" "cpp_pubsub" "--output-file" "/home/bmcotonom1/DevOps/build/cpp_pubsub/ament_copyright/copyright.txt" "--command" "/opt/ros/foxy/bin/ament_copyright" "--xunit-file" "/home/bmcotonom1/DevOps/build/cpp_pubsub/test_results/cpp_pubsub/copyright.xunit.xml"</Value>
				</NamedMeasurement>
				<Measurement>
					<Value>-- run_test.py: invoking following command in '/home/bmcotonom1/DevOps/src/cpp_pubsub':
 - /opt/ros/foxy/bin/ament_copyright --xunit-file /home/bmcotonom1/DevOps/build/cpp_pubsub/test_results/cpp_pubsub/copyright.xunit.xml
/opt/ros/foxy/bin/ament_copyright:6: DeprecationWarning: pkg_resources is deprecated as an API. See https://setuptools.pypa.io/en/latest/pkg_resources.html
  from pkg_resources import load_entry_point
test/test_my_node.cpp: could not find copyright notice
1 errors, checked 3 files
-- run_test.py: return code 1
-- run_test.py: verify result file '/home/bmcotonom1/DevOps/build/cpp_pubsub/test_results/cpp_pubsub/copyright.xunit.xml'
</Value>
				</Measurement>
			</Results>
			<Labels>
				<Label>copyright</Label>
				<Label>linter</Label>
			</Labels>
		</Test>
		<Test Status="passed">
			<Name>cppcheck</Name>
			<Path>.</Path>
			<FullName>./cppcheck</FullName>
			<FullCommandLine>/usr/bin/python3 "-u" "/opt/ros/foxy/share/ament_cmake_test/cmake/run_test.py" "/home/bmcotonom1/DevOps/build/cpp_pubsub/test_results/cpp_pubsub/cppcheck.xunit.xml" "--package-name" "cpp_pubsub" "--output-file" "/home/bmcotonom1/DevOps/build/cpp_pubsub/ament_cppcheck/cppcheck.txt" "--command" "/opt/ros/foxy/bin/ament_cppcheck" "--xunit-file" "/home/bmcotonom1/DevOps/build/cpp_pubsub/test_results/cpp_pubsub/cppcheck.xunit.xml"</FullCommandLine>
			<Results>
				<NamedMeasurement type="numeric/double" name="Execution Time">
					<Value>0.26983</Value>
				</NamedMeasurement>
				<NamedMeasurement type="numeric/double" name="Processors">
					<Value>1</Value>
				</NamedMeasurement>
				<NamedMeasurement type="text/string" name="Completion Status">
					<Value>Completed</Value>
				</NamedMeasurement>
				<NamedMeasurement type="text/string" name="Command Line">
					<Value>/usr/bin/python3 "-u" "/opt/ros/foxy/share/ament_cmake_test/cmake/run_test.py" "/home/bmcotonom1/DevOps/build/cpp_pubsub/test_results/cpp_pubsub/cppcheck.xunit.xml" "--package-name" "cpp_pubsub" "--output-file" "/home/bmcotonom1/DevOps/build/cpp_pubsub/ament_cppcheck/cppcheck.txt" "--command" "/opt/ros/foxy/bin/ament_cppcheck" "--xunit-file" "/home/bmcotonom1/DevOps/build/cpp_pubsub/test_results/cpp_pubsub/cppcheck.xunit.xml"</Value>
				</NamedMeasurement>
				<Measurement>
					<Value>-- run_test.py: invoking following command in '/home/bmcotonom1/DevOps/src/cpp_pubsub':
 - /opt/ros/foxy/bin/ament_cppcheck --xunit-file /home/bmcotonom1/DevOps/build/cpp_pubsub/test_results/cpp_pubsub/cppcheck.xunit.xml
/opt/ros/foxy/bin/ament_cppcheck:6: DeprecationWarning: pkg_resources is deprecated as an API. See https://setuptools.pypa.io/en/latest/pkg_resources.html
  from pkg_resources import load_entry_point
No problems found
-- run_test.py: return code 0
-- run_test.py: verify result file '/home/bmcotonom1/DevOps/build/cpp_pubsub/test_results/cpp_pubsub/cppcheck.xunit.xml'
</Value>
				</Measurement>
			</Results>
			<Labels>
				<Label>cppcheck</Label>
				<Label>linter</Label>
			</Labels>
		</Test>
		<Test Status="failed">
			<Name>cpplint</Name>
			<Path>.</Path>
			<FullName>./cpplint</FullName>
			<FullCommandLine>/usr/bin/python3 "-u" "/opt/ros/foxy/share/ament_cmake_test/cmake/run_test.py" "/home/bmcotonom1/DevOps/build/cpp_pubsub/test_results/cpp_pubsub/cpplint.xunit.xml" "--package-name" "cpp_pubsub" "--output-file" "/home/bmcotonom1/DevOps/build/cpp_pubsub/ament_cpplint/cpplint.txt" "--command" "/opt/ros/foxy/bin/ament_cpplint" "--xunit-file" "/home/bmcotonom1/DevOps/build/cpp_pubsub/test_results/cpp_pubsub/cpplint.xunit.xml"</FullCommandLine>
			<Results>
				<NamedMeasurement type="text/string" name="Exit Code">
					<Value>Failed</Value>
				</NamedMeasurement>
				<NamedMeasurement type="text/string" name="Exit Value">
					<Value>1</Value>
				</NamedMeasurement>
				<NamedMeasurement type="numeric/double" name="Execution Time">
					<Value>0.285805</Value>
				</NamedMeasurement>
				<NamedMeasurement type="numeric/double" name="Processors">
					<Value>1</Value>
				</NamedMeasurement>
				<NamedMeasurement type="text/string" name="Completion Status">
					<Value>Completed</Value>
				</NamedMeasurement>
				<NamedMeasurement type="text/string" name="Command Line">
					<Value>/usr/bin/python3 "-u" "/opt/ros/foxy/share/ament_cmake_test/cmake/run_test.py" "/home/bmcotonom1/DevOps/build/cpp_pubsub/test_results/cpp_pubsub/cpplint.xunit.xml" "--package-name" "cpp_pubsub" "--output-file" "/home/bmcotonom1/DevOps/build/cpp_pubsub/ament_cpplint/cpplint.txt" "--command" "/opt/ros/foxy/bin/ament_cpplint" "--xunit-file" "/home/bmcotonom1/DevOps/build/cpp_pubsub/test_results/cpp_pubsub/cpplint.xunit.xml"</Value>
				</NamedMeasurement>
				<Measurement>
					<Value>-- run_test.py: invoking following command in '/home/bmcotonom1/DevOps/src/cpp_pubsub':
 - /opt/ros/foxy/bin/ament_cpplint --xunit-file /home/bmcotonom1/DevOps/build/cpp_pubsub/test_results/cpp_pubsub/cpplint.xunit.xml
/opt/ros/foxy/bin/ament_cpplint:6: DeprecationWarning: pkg_resources is deprecated as an API. See https://setuptools.pypa.io/en/latest/pkg_resources.html
  from pkg_resources import load_entry_point
/home/bmcotonom1/DevOps/src/cpp_pubsub/test/test_my_node.cpp:0:  No copyright message found.  You should have a line: "Copyright [year] &lt;Copyright Owner&gt;"  [legal/copyright] [5]
Category 'legal/copyright' errors found: 1
Total errors found: 1
Using '--root=/home/bmcotonom1/DevOps/src/cpp_pubsub/src' argument

Done processing /home/bmcotonom1/DevOps/src/cpp_pubsub/src/publisher_member_function.cpp

Done processing /home/bmcotonom1/DevOps/src/cpp_pubsub/src/subscriber_member_function.cpp

Using '--root=/home/bmcotonom1/DevOps/src/cpp_pubsub/test' argument

Done processing /home/bmcotonom1/DevOps/src/cpp_pubsub/test/test_my_node.cpp

-- run_test.py: return code 1
-- run_test.py: verify result file '/home/bmcotonom1/DevOps/build/cpp_pubsub/test_results/cpp_pubsub/cpplint.xunit.xml'
</Value>
				</Measurement>
			</Results>
			<Labels>
				<Label>cpplint</Label>
				<Label>linter</Label>
			</Labels>
		</Test>
		<Test Status="passed">
			<Name>lint_cmake</Name>
			<Path>.</Path>
			<FullName>./lint_cmake</FullName>
			<FullCommandLine>/usr/bin/python3 "-u" "/opt/ros/foxy/share/ament_cmake_test/cmake/run_test.py" "/home/bmcotonom1/DevOps/build/cpp_pubsub/test_results/cpp_pubsub/lint_cmake.xunit.xml" "--package-name" "cpp_pubsub" "--output-file" "/home/bmcotonom1/DevOps/build/cpp_pubsub/ament_lint_cmake/lint_cmake.txt" "--command" "/opt/ros/foxy/bin/ament_lint_cmake" "--xunit-file" "/home/bmcotonom1/DevOps/build/cpp_pubsub/test_results/cpp_pubsub/lint_cmake.xunit.xml"</FullCommandLine>
			<Results>
				<NamedMeasurement type="numeric/double" name="Execution Time">
					<Value>0.255123</Value>
				</NamedMeasurement>
				<NamedMeasurement type="numeric/double" name="Processors">
					<Value>1</Value>
				</NamedMeasurement>
				<NamedMeasurement type="text/string" name="Completion Status">
					<Value>Completed</Value>
				</NamedMeasurement>
				<NamedMeasurement type="text/string" name="Command Line">
					<Value>/usr/bin/python3 "-u" "/opt/ros/foxy/share/ament_cmake_test/cmake/run_test.py" "/home/bmcotonom1/DevOps/build/cpp_pubsub/test_results/cpp_pubsub/lint_cmake.xunit.xml" "--package-name" "cpp_pubsub" "--output-file" "/home/bmcotonom1/DevOps/build/cpp_pubsub/ament_lint_cmake/lint_cmake.txt" "--command" "/opt/ros/foxy/bin/ament_lint_cmake" "--xunit-file" "/home/bmcotonom1/DevOps/build/cpp_pubsub/test_results/cpp_pubsub/lint_cmake.xunit.xml"</Value>
				</NamedMeasurement>
				<Measurement>
					<Value>-- run_test.py: invoking following command in '/home/bmcotonom1/DevOps/src/cpp_pubsub':
 - /opt/ros/foxy/bin/ament_lint_cmake --xunit-file /home/bmcotonom1/DevOps/build/cpp_pubsub/test_results/cpp_pubsub/lint_cmake.xunit.xml
/opt/ros/foxy/bin/ament_lint_cmake:6: DeprecationWarning: pkg_resources is deprecated as an API. See https://setuptools.pypa.io/en/latest/pkg_resources.html
  from pkg_resources import load_entry_point

No problems found
-- run_test.py: return code 0
-- run_test.py: verify result file '/home/bmcotonom1/DevOps/build/cpp_pubsub/test_results/cpp_pubsub/lint_cmake.xunit.xml'
</Value>
				</Measurement>
			</Results>
			<Labels>
				<Label>lint_cmake</Label>
				<Label>linter</Label>
			</Labels>
		</Test>
		<Test Status="failed">
			<Name>uncrustify</Name>
			<Path>.</Path>
			<FullName>./uncrustify</FullName>
			<FullCommandLine>/usr/bin/python3 "-u" "/opt/ros/foxy/share/ament_cmake_test/cmake/run_test.py" "/home/bmcotonom1/DevOps/build/cpp_pubsub/test_results/cpp_pubsub/uncrustify.xunit.xml" "--package-name" "cpp_pubsub" "--output-file" "/home/bmcotonom1/DevOps/build/cpp_pubsub/ament_uncrustify/uncrustify.txt" "--command" "/opt/ros/foxy/bin/ament_uncrustify" "--xunit-file" "/home/bmcotonom1/DevOps/build/cpp_pubsub/test_results/cpp_pubsub/uncrustify.xunit.xml"</FullCommandLine>
			<Results>
				<NamedMeasurement type="text/string" name="Exit Code">
					<Value>Failed</Value>
				</NamedMeasurement>
				<NamedMeasurement type="text/string" name="Exit Value">
					<Value>1</Value>
				</NamedMeasurement>
				<NamedMeasurement type="numeric/double" name="Execution Time">
					<Value>0.266161</Value>
				</NamedMeasurement>
				<NamedMeasurement type="numeric/double" name="Processors">
					<Value>1</Value>
				</NamedMeasurement>
				<NamedMeasurement type="text/string" name="Completion Status">
					<Value>Completed</Value>
				</NamedMeasurement>
				<NamedMeasurement type="text/string" name="Command Line">
					<Value>/usr/bin/python3 "-u" "/opt/ros/foxy/share/ament_cmake_test/cmake/run_test.py" "/home/bmcotonom1/DevOps/build/cpp_pubsub/test_results/cpp_pubsub/uncrustify.xunit.xml" "--package-name" "cpp_pubsub" "--output-file" "/home/bmcotonom1/DevOps/build/cpp_pubsub/ament_uncrustify/uncrustify.txt" "--command" "/opt/ros/foxy/bin/ament_uncrustify" "--xunit-file" "/home/bmcotonom1/DevOps/build/cpp_pubsub/test_results/cpp_pubsub/uncrustify.xunit.xml"</Value>
				</NamedMeasurement>
				<Measurement>
					<Value>-- run_test.py: invoking following command in '/home/bmcotonom1/DevOps/src/cpp_pubsub':
 - /opt/ros/foxy/bin/ament_uncrustify --xunit-file /home/bmcotonom1/DevOps/build/cpp_pubsub/test_results/cpp_pubsub/uncrustify.xunit.xml
/opt/ros/foxy/bin/ament_uncrustify:6: DeprecationWarning: pkg_resources is deprecated as an API. See https://setuptools.pypa.io/en/latest/pkg_resources.html
  from pkg_resources import load_entry_point
Code style divergence in file 'test/test_my_node.cpp':

--- test/test_my_node.cpp
+++ test/test_my_node.cpp.uncrustify
@@ -7 +6,0 @@
-

1 files with code style divergence
No code style divergence in file 'src/publisher_member_function.cpp'

No code style divergence in file 'src/subscriber_member_function.cpp'

-- run_test.py: return code 1
-- run_test.py: verify result file '/home/bmcotonom1/DevOps/build/cpp_pubsub/test_results/cpp_pubsub/uncrustify.xunit.xml'
</Value>
				</Measurement>
			</Results>
			<Labels>
				<Label>linter</Label>
				<Label>uncrustify</Label>
			</Labels>
		</Test>
		<Test Status="passed">
			<Name>xmllint</Name>
			<Path>.</Path>
			<FullName>./xmllint</FullName>
			<FullCommandLine>/usr/bin/python3 "-u" "/opt/ros/foxy/share/ament_cmake_test/cmake/run_test.py" "/home/bmcotonom1/DevOps/build/cpp_pubsub/test_results/cpp_pubsub/xmllint.xunit.xml" "--package-name" "cpp_pubsub" "--output-file" "/home/bmcotonom1/DevOps/build/cpp_pubsub/ament_xmllint/xmllint.txt" "--command" "/opt/ros/foxy/bin/ament_xmllint" "--xunit-file" "/home/bmcotonom1/DevOps/build/cpp_pubsub/test_results/cpp_pubsub/xmllint.xunit.xml"</FullCommandLine>
			<Results>
				<NamedMeasurement type="numeric/double" name="Execution Time">
					<Value>0.786819</Value>
				</NamedMeasurement>
				<NamedMeasurement type="numeric/double" name="Processors">
					<Value>1</Value>
				</NamedMeasurement>
				<NamedMeasurement type="text/string" name="Completion Status">
					<Value>Completed</Value>
				</NamedMeasurement>
				<NamedMeasurement type="text/string" name="Command Line">
					<Value>/usr/bin/python3 "-u" "/opt/ros/foxy/share/ament_cmake_test/cmake/run_test.py" "/home/bmcotonom1/DevOps/build/cpp_pubsub/test_results/cpp_pubsub/xmllint.xunit.xml" "--package-name" "cpp_pubsub" "--output-file" "/home/bmcotonom1/DevOps/build/cpp_pubsub/ament_xmllint/xmllint.txt" "--command" "/opt/ros/foxy/bin/ament_xmllint" "--xunit-file" "/home/bmcotonom1/DevOps/build/cpp_pubsub/test_results/cpp_pubsub/xmllint.xunit.xml"</Value>
				</NamedMeasurement>
				<Measurement>
					<Value>-- run_test.py: invoking following command in '/home/bmcotonom1/DevOps/src/cpp_pubsub':
 - /opt/ros/foxy/bin/ament_xmllint --xunit-file /home/bmcotonom1/DevOps/build/cpp_pubsub/test_results/cpp_pubsub/xmllint.xunit.xml
/opt/ros/foxy/bin/ament_xmllint:6: DeprecationWarning: pkg_resources is deprecated as an API. See https://setuptools.pypa.io/en/latest/pkg_resources.html
  from pkg_resources import load_entry_point
File 'package.xml' is valid

No problems found
-- run_test.py: return code 0
-- run_test.py: verify result file '/home/bmcotonom1/DevOps/build/cpp_pubsub/test_results/cpp_pubsub/xmllint.xunit.xml'
</Value>
				</Measurement>
			</Results>
			<Labels>
				<Label>linter</Label>
				<Label>xmllint</Label>
			</Labels>
		</Test>
		<EndDateTime>Sep 16 11:40 +03</EndDateTime>
		<EndTestTime>1758012031</EndTestTime>
		<ElapsedMinutes>0</ElapsedMinutes>
	</Testing>
</Site>
